<?xml version="1.0" encoding="UTF-8"?>
<testsuites name="TS2-PARABANK" time="359.335" tests="4" failures="2" errors="0">
   <testsuite name="TS2-PARABANK" tests="4" failures="2" errors="0" time="359.335" skipped="0" timestamp="04-03-2024T20:03:55" hostname="joris - DESKTOP-6JFGPOU" id="Test Suites/TS2-PARABANK">
      <properties>
         <property name="deviceName" value=""/>
         <property name="devicePlatform" value=""/>
         <property name="logFolder" value="C:\\Users\\joris\\git\\FirstProject-Git\\KatalonPractice\\Reports\\20240304_200344\\TS2-PARABANK\\20240304_200344"/>
         <property name="logFiles" value="C:\\Users\\joris\\git\\FirstProject-Git\\KatalonPractice\\Reports\\20240304_200344\\TS2-PARABANK\\20240304_200344\\execution0.log"/>
         <property name="attachments" value="C:\\Users\\joris\\git\\FirstProject-Git\\KatalonPractice\\Reports\\20240304_200344\\TS2-PARABANK\\20240304_200344\\1709562903251.png, C:\\Users\\joris\\git\\FirstProject-Git\\KatalonPractice\\Reports\\20240304_200344\\TS2-PARABANK\\20240304_200344\\1709562951200.png, C:\\Users\\joris\\git\\FirstProject-Git\\KatalonPractice\\Reports\\20240304_200344\\TS2-PARABANK\\20240304_200344\\1709562999211.png, C:\\Users\\joris\\git\\FirstProject-Git\\KatalonPractice\\Reports\\20240304_200344\\TS2-PARABANK\\20240304_200344\\1709563046931.png, C:\\Users\\joris\\git\\FirstProject-Git\\KatalonPractice\\Reports\\20240304_200344\\TS2-PARABANK\\20240304_200344\\1709563093032.png, C:\\Users\\joris\\git\\FirstProject-Git\\KatalonPractice\\Reports\\20240304_200344\\TS2-PARABANK\\20240304_200344\\1709563194167.png"/>
         <property name="hostName" value="joris - DESKTOP-6JFGPOU"/>
         <property name="os" value="Windows 11 64bit"/>
         <property name="katalonVersion" value="9.3.0.212"/>
         <property name="browser" value="Chrome 122.0.0.0"/>
         <property name="hostAddress" value="192.168.0.102"/>
         <property name="sessionId" value="697febf0b832f329ded844cf133ba0f6"/>
         <property name="seleniumVersion" value="3.141.59"/>
         <property name="proxyInformation" value="ProxyInformation { proxyOption=NO_PROXY, proxyServerType=HTTP, username=, password=********, proxyServerAddress=, proxyServerPort=0, executionList=&quot;&quot;, isApplyToDesiredCapabilities=true }"/>
         <property name="platform" value="Windows 11"/>
      </properties>
      <testcase name="Test Cases/PARA BANK/PB_TC_01_Access the Parabank website" time="9.413" classname="Test Cases/PARA BANK/PB_TC_01_Access the Parabank website" status="PASSED">
         <system-out><![CDATA[04-03-2024T20:03:55 - [TEST_CASE][PASSED] - Test Cases/PARA BANK/PB_TC_01_Access the Parabank website: Test Cases/PARA BANK/PB_TC_01_Access the Parabank website

04-03-2024T20:03:55 - [TEST_STEP][PASSED] - openBrowser(""): Browser is opened with url: ''

04-03-2024T20:03:56 - [MESSAGE][INFO] - Starting 'Chrome' driver

04-03-2024T20:03:56 - [MESSAGE][INFO] - Action delay is set to 0 milliseconds

04-03-2024T20:03:59 - [MESSAGE][PASSED] - Browser is opened with url: ''

04-03-2024T20:03:59 - [TEST_STEP][PASSED] - navigateToUrl("https://parabank.parasoft.com/parabank/index.htm"): Navigate to 'https://parabank.parasoft.com/parabank/index.htm' successfully

04-03-2024T20:04:04 - [MESSAGE][PASSED] - Navigate to 'https://parabank.parasoft.com/parabank/index.htm' successfully

04-03-2024T20:04:04 - [TEST_STEP][PASSED] - verifyElementPresent(findTestObject("Object Repository/PARA BANK/Page_ParaBank Home page/Logo"), 1): Object 'Object Repository/PARA BANK/Page_ParaBank Home page/Logo' is present

04-03-2024T20:04:04 - [MESSAGE][PASSED] - Object 'Object Repository/PARA BANK/Page_ParaBank Home page/Logo' is present]]></system-out>
         <system-err><![CDATA[]]></system-err>
      </testcase>
      <testcase name="Test Cases/PARA BANK/PB_TC_02_Login" time="10.701" classname="Test Cases/PARA BANK/PB_TC_02_Login" status="PASSED">
         <system-out><![CDATA[04-03-2024T20:04:04 - [TEST_CASE][PASSED] - Test Cases/PARA BANK/PB_TC_02_Login: Test Cases/PARA BANK/PB_TC_02_Login

04-03-2024T20:04:05 - [TEST_STEP][PASSED] - callTestCase(findTestCase("PARA BANK/PB_TC_01_Access the Parabank website"), [:], STOP_ON_FAILURE): Call Test Case 'Test Cases/PARA BANK/PB_TC_01_Access the Parabank website' successfully

04-03-2024T20:04:05 - [TEST_CASE][PASSED] - Test Cases/PARA BANK/PB_TC_01_Access the Parabank website: Test Cases/PARA BANK/PB_TC_01_Access the Parabank website

04-03-2024T20:04:05 - [TEST_STEP][PASSED] - openBrowser(""): Browser is opened with url: ''

04-03-2024T20:04:05 - [MESSAGE][WARNING] - A browser is already opened. Closing browser and opening a new one

04-03-2024T20:04:05 - [MESSAGE][INFO] - Starting 'Chrome' driver

04-03-2024T20:04:05 - [MESSAGE][INFO] - Action delay is set to 0 milliseconds

04-03-2024T20:04:06 - [MESSAGE][PASSED] - Browser is opened with url: ''

04-03-2024T20:04:06 - [TEST_STEP][PASSED] - navigateToUrl("https://parabank.parasoft.com/parabank/index.htm"): Navigate to 'https://parabank.parasoft.com/parabank/index.htm' successfully

04-03-2024T20:04:09 - [MESSAGE][PASSED] - Navigate to 'https://parabank.parasoft.com/parabank/index.htm' successfully

04-03-2024T20:04:09 - [TEST_STEP][PASSED] - verifyElementPresent(findTestObject("Object Repository/PARA BANK/Page_ParaBank Home page/Logo"), 1): Object 'Object Repository/PARA BANK/Page_ParaBank Home page/Logo' is present

04-03-2024T20:04:10 - [MESSAGE][PASSED] - Object 'Object Repository/PARA BANK/Page_ParaBank Home page/Logo' is present

04-03-2024T20:04:10 - [MESSAGE][PASSED] - Call Test Case 'Test Cases/PARA BANK/PB_TC_01_Access the Parabank website' successfully

04-03-2024T20:04:10 - [TEST_STEP][PASSED] - setText(findTestObject("Object Repository/PARA BANK/Page_ParaBank  Welcome  Online Banking/input_Username_username"), "admin"): Text 'admin' is set on object 'Object Repository/PARA BANK/Page_ParaBank  Welcome  Online Banking/input_Username_username'

04-03-2024T20:04:11 - [MESSAGE][PASSED] - Text 'admin' is set on object 'Object Repository/PARA BANK/Page_ParaBank  Welcome  Online Banking/input_Username_username'

04-03-2024T20:04:11 - [TEST_STEP][PASSED] - setEncryptedText(findTestObject("Object Repository/PARA BANK/Page_ParaBank  Welcome  Online Banking/input_Password_password"), "hUKwJTbofgPskEWN4pMTBw=="): Text ****** has been set on object 'Object Repository/PARA BANK/Page_ParaBank  Welcome  Online Banking/input_Password_password'

04-03-2024T20:04:11 - [MESSAGE][PASSED] - Text ****** has been set on object 'Object Repository/PARA BANK/Page_ParaBank  Welcome  Online Banking/input_Password_password'

04-03-2024T20:04:11 - [TEST_STEP][PASSED] - click(findTestObject("Object Repository/PARA BANK/Page_ParaBank  Welcome  Online Banking/Login button")): Object: 'Object Repository/PARA BANK/Page_ParaBank  Welcome  Online Banking/Login button' is clicked on

04-03-2024T20:04:15 - [MESSAGE][PASSED] - Object: 'Object Repository/PARA BANK/Page_ParaBank  Welcome  Online Banking/Login button' is clicked on

04-03-2024T20:04:15 - [TEST_STEP][PASSED] - verifyTextPresent("", false): Text '' is present on page 

04-03-2024T20:04:15 - [MESSAGE][PASSED] - Text '' is present on page 

04-03-2024T20:04:15 - [TEST_STEP][PASSED] - closeBrowser(): Browser is closed

04-03-2024T20:04:15 - [MESSAGE][PASSED] - Browser is closed]]></system-out>
         <system-err><![CDATA[]]></system-err>
      </testcase>
      <testcase name="Test Cases/PARA BANK/PB_TC_03_Open account_SelectMethod_SAVINGS" time="47.694" classname="Test Cases/PARA BANK/PB_TC_03_Open account_SelectMethod_SAVINGS" status="FAILED">
         <failure type="FAILED" message="Test Cases/PARA BANK/PB_TC_03_Open account_SelectMethod_SAVINGS FAILED.&#xa;Reason:&#xa;com.kms.katalon.core.exception.StepFailedException: Unable to click on object 'Object Repository/PARA BANK/Page_ParaBank  Accounts Overview/Open New Account'&#xa;	at com.kms.katalon.core.webui.keyword.internal.WebUIKeywordMain.stepFailed(WebUIKeywordMain.groovy:64)&#xa;	at com.kms.katalon.core.webui.keyword.internal.WebUIKeywordMain.runKeyword(WebUIKeywordMain.groovy:26)&#xa;	at com.kms.katalon.core.webui.keyword.builtin.ClickKeyword.click(ClickKeyword.groovy:74)&#xa;	at com.kms.katalon.core.webui.keyword.builtin.ClickKeyword.execute(ClickKeyword.groovy:40)&#xa;	at com.kms.katalon.core.keyword.internal.KeywordExecutor.executeKeywordForPlatform(KeywordExecutor.groovy:74)&#xa;	at com.kms.katalon.core.webui.keyword.WebUiBuiltInKeywords.click(WebUiBuiltInKeywords.groovy:659)&#xa;	at PB_TC_03_Open account_SelectMethod_SAVINGS.run(PB_TC_03_Open account_SelectMethod_SAVINGS:32)&#xa;	at com.kms.katalon.core.main.ScriptEngine.run(ScriptEngine.java:194)&#xa;	at com.kms.katalon.core.main.ScriptEngine.runScriptAsRawText(ScriptEngine.java:119)&#xa;	at com.kms.katalon.core.main.TestCaseExecutor.runScript(TestCaseExecutor.java:448)&#xa;	at com.kms.katalon.core.main.TestCaseExecutor.doExecute(TestCaseExecutor.java:439)&#xa;	at com.kms.katalon.core.main.TestCaseExecutor.processExecutionPhase(TestCaseExecutor.java:418)&#xa;	at com.kms.katalon.core.main.TestCaseExecutor.accessMainPhase(TestCaseExecutor.java:410)&#xa;	at com.kms.katalon.core.main.TestCaseExecutor.execute(TestCaseExecutor.java:285)&#xa;	at com.kms.katalon.core.main.TestCaseExecutor.execute(TestCaseExecutor.java:369)&#xa;	at com.kms.katalon.core.main.TestCaseExecutor.execute(TestCaseExecutor.java:369)&#xa;	at com.kms.katalon.core.main.TestCaseExecutor.execute(TestCaseExecutor.java:369)&#xa;	at com.kms.katalon.core.common.CommonExecutor.accessTestCaseMainPhase(CommonExecutor.java:65)&#xa;	at com.kms.katalon.core.main.TestSuiteExecutor.accessTestSuiteMainPhase(TestSuiteExecutor.java:148)&#xa;	at com.kms.katalon.core.main.TestSuiteExecutor.execute(TestSuiteExecutor.java:106)&#xa;	at com.kms.katalon.core.main.TestCaseMain.startTestSuite(TestCaseMain.java:180)&#xa;	at TempTestSuite1709562824062.run(TempTestSuite1709562824062.groovy:36)&#xa;	at java.base/jdk.internal.reflect.NativeMethodAccessorImpl.invoke0(Native Method)&#xa;	at java.base/jdk.internal.reflect.NativeMethodAccessorImpl.invoke(NativeMethodAccessorImpl.java:77)&#xa;	at java.base/jdk.internal.reflect.DelegatingMethodAccessorImpl.invoke(DelegatingMethodAccessorImpl.java:43)&#xa;Caused by: com.kms.katalon.core.webui.exception.WebElementNotFoundException: Web element with id: 'Object Repository/PARA BANK/Page_ParaBank  Accounts Overview/Open New Account' located by '//div[@id='leftPanel']/ul/li/a' not found&#xa;	at com.kms.katalon.core.webui.common.WebUiCommonHelper.findWebElement(WebUiCommonHelper.java:1379)&#xa;	at com.kms.katalon.core.webui.keyword.internal.WebUIAbstractKeyword.findWebElement(WebUIAbstractKeyword.groovy:27)&#xa;	at com.kms.katalon.core.webui.keyword.builtin.ClickKeyword$_click_closure1.doCall(ClickKeyword.groovy:65)&#xa;	at com.kms.katalon.core.webui.keyword.builtin.ClickKeyword$_click_closure1.call(ClickKeyword.groovy)&#xa;	at com.kms.katalon.core.webui.keyword.internal.WebUIKeywordMain.runKeyword(WebUIKeywordMain.groovy:20)&#xa;	... 23 more&#xa;"/>
         <system-out><![CDATA[04-03-2024T20:06:39 - [TEST_CASE][FAILED] - Test Cases/PARA BANK/PB_TC_03_Open account_SelectMethod_SAVINGS: Test Cases/PARA BANK/PB_TC_03_Open account_SelectMethod_SAVINGS FAILED.
Reason:
com.kms.katalon.core.exception.StepFailedException: Unable to click on object 'Object Repository/PARA BANK/Page_ParaBank  Accounts Overview/Open New Account'
	at com.kms.katalon.core.webui.keyword.internal.WebUIKeywordMain.stepFailed(WebUIKeywordMain.groovy:64)
	at com.kms.katalon.core.webui.keyword.internal.WebUIKeywordMain.runKeyword(WebUIKeywordMain.groovy:26)
	at com.kms.katalon.core.webui.keyword.builtin.ClickKeyword.click(ClickKeyword.groovy:74)
	at com.kms.katalon.core.webui.keyword.builtin.ClickKeyword.execute(ClickKeyword.groovy:40)
	at com.kms.katalon.core.keyword.internal.KeywordExecutor.executeKeywordForPlatform(KeywordExecutor.groovy:74)
	at com.kms.katalon.core.webui.keyword.WebUiBuiltInKeywords.click(WebUiBuiltInKeywords.groovy:659)
	at PB_TC_03_Open account_SelectMethod_SAVINGS.run(PB_TC_03_Open account_SelectMethod_SAVINGS:32)
	at com.kms.katalon.core.main.ScriptEngine.run(ScriptEngine.java:194)
	at com.kms.katalon.core.main.ScriptEngine.runScriptAsRawText(ScriptEngine.java:119)
	at com.kms.katalon.core.main.TestCaseExecutor.runScript(TestCaseExecutor.java:448)
	at com.kms.katalon.core.main.TestCaseExecutor.doExecute(TestCaseExecutor.java:439)
	at com.kms.katalon.core.main.TestCaseExecutor.processExecutionPhase(TestCaseExecutor.java:418)
	at com.kms.katalon.core.main.TestCaseExecutor.accessMainPhase(TestCaseExecutor.java:410)
	at com.kms.katalon.core.main.TestCaseExecutor.execute(TestCaseExecutor.java:285)
	at com.kms.katalon.core.main.TestCaseExecutor.execute(TestCaseExecutor.java:369)
	at com.kms.katalon.core.main.TestCaseExecutor.execute(TestCaseExecutor.java:369)
	at com.kms.katalon.core.main.TestCaseExecutor.execute(TestCaseExecutor.java:369)
	at com.kms.katalon.core.common.CommonExecutor.accessTestCaseMainPhase(CommonExecutor.java:65)
	at com.kms.katalon.core.main.TestSuiteExecutor.accessTestSuiteMainPhase(TestSuiteExecutor.java:148)
	at com.kms.katalon.core.main.TestSuiteExecutor.execute(TestSuiteExecutor.java:106)
	at com.kms.katalon.core.main.TestCaseMain.startTestSuite(TestCaseMain.java:180)
	at TempTestSuite1709562824062.run(TempTestSuite1709562824062.groovy:36)
	at java.base/jdk.internal.reflect.NativeMethodAccessorImpl.invoke0(Native Method)
	at java.base/jdk.internal.reflect.NativeMethodAccessorImpl.invoke(NativeMethodAccessorImpl.java:77)
	at java.base/jdk.internal.reflect.DelegatingMethodAccessorImpl.invoke(DelegatingMethodAccessorImpl.java:43)
Caused by: com.kms.katalon.core.webui.exception.WebElementNotFoundException: Web element with id: 'Object Repository/PARA BANK/Page_ParaBank  Accounts Overview/Open New Account' located by '//div[@id='leftPanel']/ul/li/a' not found
	at com.kms.katalon.core.webui.common.WebUiCommonHelper.findWebElement(WebUiCommonHelper.java:1379)
	at com.kms.katalon.core.webui.keyword.internal.WebUIAbstractKeyword.findWebElement(WebUIAbstractKeyword.groovy:27)
	at com.kms.katalon.core.webui.keyword.builtin.ClickKeyword$_click_closure1.doCall(ClickKeyword.groovy:65)
	at com.kms.katalon.core.webui.keyword.builtin.ClickKeyword$_click_closure1.call(ClickKeyword.groovy)
	at com.kms.katalon.core.webui.keyword.internal.WebUIKeywordMain.runKeyword(WebUIKeywordMain.groovy:20)
	... 23 more


04-03-2024T20:06:39 - [TEST_STEP][PASSED] - callTestCase(findTestCase("PARA BANK/PB_TC_01_Access the Parabank website"), [:], STOP_ON_FAILURE): Call Test Case 'Test Cases/PARA BANK/PB_TC_01_Access the Parabank website' successfully

04-03-2024T20:06:39 - [TEST_CASE][PASSED] - Test Cases/PARA BANK/PB_TC_01_Access the Parabank website: Test Cases/PARA BANK/PB_TC_01_Access the Parabank website

04-03-2024T20:06:39 - [TEST_STEP][PASSED] - openBrowser(""): Browser is opened with url: ''

04-03-2024T20:06:39 - [MESSAGE][WARNING] - A browser is already opened. Closing browser and opening a new one

04-03-2024T20:06:39 - [MESSAGE][INFO] - Starting 'Chrome' driver

04-03-2024T20:06:39 - [MESSAGE][INFO] - Action delay is set to 0 milliseconds

04-03-2024T20:06:40 - [MESSAGE][PASSED] - Browser is opened with url: ''

04-03-2024T20:06:40 - [TEST_STEP][PASSED] - navigateToUrl("https://parabank.parasoft.com/parabank/index.htm"): Navigate to 'https://parabank.parasoft.com/parabank/index.htm' successfully

04-03-2024T20:06:42 - [MESSAGE][PASSED] - Navigate to 'https://parabank.parasoft.com/parabank/index.htm' successfully

04-03-2024T20:06:42 - [TEST_STEP][PASSED] - verifyElementPresent(findTestObject("Object Repository/PARA BANK/Page_ParaBank Home page/Logo"), 1): Object 'Object Repository/PARA BANK/Page_ParaBank Home page/Logo' is present

04-03-2024T20:06:45 - [MESSAGE][PASSED] - Object 'Object Repository/PARA BANK/Page_ParaBank Home page/Logo' is present

04-03-2024T20:06:45 - [MESSAGE][PASSED] - Call Test Case 'Test Cases/PARA BANK/PB_TC_01_Access the Parabank website' successfully

04-03-2024T20:06:45 - [TEST_STEP][PASSED] - setText(findTestObject("Object Repository/PARA BANK/Page_ParaBank  Welcome  Online Banking/input_Username_username"), "admin"): Text 'admin' is set on object 'Object Repository/PARA BANK/Page_ParaBank  Welcome  Online Banking/input_Username_username'

04-03-2024T20:06:46 - [MESSAGE][PASSED] - Text 'admin' is set on object 'Object Repository/PARA BANK/Page_ParaBank  Welcome  Online Banking/input_Username_username'

04-03-2024T20:06:46 - [TEST_STEP][PASSED] - setEncryptedText(findTestObject("Object Repository/PARA BANK/Page_ParaBank  Welcome  Online Banking/input_Password_password"), "hUKwJTbofgPskEWN4pMTBw=="): Text ****** has been set on object 'Object Repository/PARA BANK/Page_ParaBank  Welcome  Online Banking/input_Password_password'

04-03-2024T20:06:46 - [MESSAGE][PASSED] - Text ****** has been set on object 'Object Repository/PARA BANK/Page_ParaBank  Welcome  Online Banking/input_Password_password'

04-03-2024T20:06:46 - [TEST_STEP][PASSED] - click(findTestObject("Object Repository/PARA BANK/Page_ParaBank  Welcome  Online Banking/Login button")): Object: 'Object Repository/PARA BANK/Page_ParaBank  Welcome  Online Banking/Login button' is clicked on

04-03-2024T20:06:50 - [MESSAGE][PASSED] - Object: 'Object Repository/PARA BANK/Page_ParaBank  Welcome  Online Banking/Login button' is clicked on

04-03-2024T20:06:50 - [TEST_STEP][PASSED] - verifyTextPresent("", false): Text '' is present on page 

04-03-2024T20:06:50 - [MESSAGE][PASSED] - Text '' is present on page 

04-03-2024T20:06:50 - [TEST_STEP][FAILED] - click(findTestObject("Object Repository/PARA BANK/Page_ParaBank  Accounts Overview/Open New Account")): Unable to click on object 'Object Repository/PARA BANK/Page_ParaBank  Accounts Overview/Open New Account' (Root cause: com.kms.katalon.core.exception.StepFailedException: Unable to click on object 'Object Repository/PARA BANK/Page_ParaBank  Accounts Overview/Open New Account'
	at com.kms.katalon.core.webui.keyword.internal.WebUIKeywordMain.stepFailed(WebUIKeywordMain.groovy:64)
	at com.kms.katalon.core.webui.keyword.internal.WebUIKeywordMain.runKeyword(WebUIKeywordMain.groovy:26)
	at com.kms.katalon.core.webui.keyword.builtin.ClickKeyword.click(ClickKeyword.groovy:74)
	at com.kms.katalon.core.webui.keyword.builtin.ClickKeyword.execute(ClickKeyword.groovy:40)
	at com.kms.katalon.core.keyword.internal.KeywordExecutor.executeKeywordForPlatform(KeywordExecutor.groovy:74)
	at com.kms.katalon.core.webui.keyword.WebUiBuiltInKeywords.click(WebUiBuiltInKeywords.groovy:659)
	at PB_TC_03_Open account_SelectMethod_SAVINGS.run(PB_TC_03_Open account_SelectMethod_SAVINGS:32)
	at com.kms.katalon.core.main.ScriptEngine.run(ScriptEngine.java:194)
	at com.kms.katalon.core.main.ScriptEngine.runScriptAsRawText(ScriptEngine.java:119)
	at com.kms.katalon.core.main.TestCaseExecutor.runScript(TestCaseExecutor.java:448)
	at com.kms.katalon.core.main.TestCaseExecutor.doExecute(TestCaseExecutor.java:439)
	at com.kms.katalon.core.main.TestCaseExecutor.processExecutionPhase(TestCaseExecutor.java:418)
	at com.kms.katalon.core.main.TestCaseExecutor.accessMainPhase(TestCaseExecutor.java:410)
	at com.kms.katalon.core.main.TestCaseExecutor.execute(TestCaseExecutor.java:285)
	at com.kms.katalon.core.main.TestCaseExecutor.execute(TestCaseExecutor.java:369)
	at com.kms.katalon.core.main.TestCaseExecutor.execute(TestCaseExecutor.java:369)
	at com.kms.katalon.core.main.TestCaseExecutor.execute(TestCaseExecutor.java:369)
	at com.kms.katalon.core.common.CommonExecutor.accessTestCaseMainPhase(CommonExecutor.java:65)
	at com.kms.katalon.core.main.TestSuiteExecutor.accessTestSuiteMainPhase(TestSuiteExecutor.java:148)
	at com.kms.katalon.core.main.TestSuiteExecutor.execute(TestSuiteExecutor.java:106)
	at com.kms.katalon.core.main.TestCaseMain.startTestSuite(TestCaseMain.java:180)
	at TempTestSuite1709562824062.run(TempTestSuite1709562824062.groovy:36)
	at java.base/jdk.internal.reflect.NativeMethodAccessorImpl.invoke0(Native Method)
	at java.base/jdk.internal.reflect.NativeMethodAccessorImpl.invoke(NativeMethodAccessorImpl.java:77)
	at java.base/jdk.internal.reflect.DelegatingMethodAccessorImpl.invoke(DelegatingMethodAccessorImpl.java:43)
Caused by: com.kms.katalon.core.webui.exception.WebElementNotFoundException: Web element with id: 'Object Repository/PARA BANK/Page_ParaBank  Accounts Overview/Open New Account' located by '//div[@id='leftPanel']/ul/li/a' not found
	at com.kms.katalon.core.webui.common.WebUiCommonHelper.findWebElement(WebUiCommonHelper.java:1379)
	at com.kms.katalon.core.webui.keyword.internal.WebUIAbstractKeyword.findWebElement(WebUIAbstractKeyword.groovy:27)
	at com.kms.katalon.core.webui.keyword.builtin.ClickKeyword$_click_closure1.doCall(ClickKeyword.groovy:65)
	at com.kms.katalon.core.webui.keyword.builtin.ClickKeyword$_click_closure1.call(ClickKeyword.groovy)
	at com.kms.katalon.core.webui.keyword.internal.WebUIKeywordMain.runKeyword(WebUIKeywordMain.groovy:20)
	at com.kms.katalon.core.webui.keyword.builtin.ClickKeyword.click(ClickKeyword.groovy:74)
	at com.kms.katalon.core.webui.keyword.builtin.ClickKeyword.execute(ClickKeyword.groovy:40)
	at com.kms.katalon.core.keyword.internal.KeywordExecutor.executeKeywordForPlatform(KeywordExecutor.groovy:74)
	at com.kms.katalon.core.webui.keyword.WebUiBuiltInKeywords.click(WebUiBuiltInKeywords.groovy:659)
	at Script1709402319305.run(Script1709402319305.groovy:32)
	... 18 more
)

04-03-2024T20:07:21 - [MESSAGE][INFO] - Unable to find the element located by 'By.xpath: //div[@id='leftPanel']/ul/li/a'. Please recheck the objects properties to make sure the desired element is located. 

04-03-2024T20:07:21 - [MESSAGE][WARNING] - [SELF-HEALING] Failed to find element with id 'Object Repository/PARA BANK/Page_ParaBank  Accounts Overview/Open New Account'. Try using Self-healing.

04-03-2024T20:07:22 - [MESSAGE][INFO] - [SELF-HEALING] Failed Locator: '//div[@id='leftPanel']/ul/li/a'.

04-03-2024T20:07:22 - [MESSAGE][INFO] - [SELF-HEALING] Failed Locator: '//a[contains(text(),'Open New Account')]'.

04-03-2024T20:07:22 - [MESSAGE][INFO] - [SELF-HEALING] Failed Locator: '(.//*[normalize-space(text()) and normalize-space(.)='Account Services'])[1]/following::a[1]'.

04-03-2024T20:07:23 - [MESSAGE][INFO] - [SELF-HEALING] Failed Locator: '(.//*[normalize-space(text()) and normalize-space(.)='Welcome'])[1]/following::a[1]'.

04-03-2024T20:07:23 - [MESSAGE][INFO] - [SELF-HEALING] Failed Locator: '(.//*[normalize-space(text()) and normalize-space(.)='Accounts Overview'])[1]/preceding::a[1]'.

04-03-2024T20:07:23 - [MESSAGE][INFO] - [SELF-HEALING] Failed Locator: '(.//*[normalize-space(text()) and normalize-space(.)='Transfer Funds'])[1]/preceding::a[2]'.

04-03-2024T20:07:23 - [MESSAGE][INFO] - [SELF-HEALING] Failed Locator: '//*/text()[normalize-space(.)='Open New Account']/parent::*'.

04-03-2024T20:07:24 - [MESSAGE][INFO] - [SELF-HEALING] Failed Locator: '//a[contains(@href, '/parabank/openaccount.htm')]'.

04-03-2024T20:07:24 - [MESSAGE][INFO] - [SELF-HEALING] Failed Locator: '//div[3]/div/ul/li/a'.

04-03-2024T20:07:24 - [MESSAGE][INFO] - [SELF-HEALING] Failed Locator: '//a[@href = '/parabank/openaccount.htm' and (text() = 'Open New Account' or . = 'Open New Account')]'.

04-03-2024T20:07:25 - [MESSAGE][INFO] - Unable to find the element located by 'By.xpath: //*[@href = '/parabank/openaccount.htm' and (text() = 'Open New Account' or . = 'Open New Account')]'. Please recheck the objects properties to make sure the desired element is located. 

04-03-2024T20:07:26 - [MESSAGE][INFO] - Unable to find the element located by 'By.cssSelector: #leftPanel > ul > li > a'. Please recheck the objects properties to make sure the desired element is located. 

04-03-2024T20:07:27 - [MESSAGE][FAILED] - Unable to click on object 'Object Repository/PARA BANK/Page_ParaBank  Accounts Overview/Open New Account' (Root cause: com.kms.katalon.core.exception.StepFailedException: Unable to click on object 'Object Repository/PARA BANK/Page_ParaBank  Accounts Overview/Open New Account'
	at com.kms.katalon.core.webui.keyword.internal.WebUIKeywordMain.stepFailed(WebUIKeywordMain.groovy:64)
	at com.kms.katalon.core.webui.keyword.internal.WebUIKeywordMain.runKeyword(WebUIKeywordMain.groovy:26)
	at com.kms.katalon.core.webui.keyword.builtin.ClickKeyword.click(ClickKeyword.groovy:74)
	at com.kms.katalon.core.webui.keyword.builtin.ClickKeyword.execute(ClickKeyword.groovy:40)
	at com.kms.katalon.core.keyword.internal.KeywordExecutor.executeKeywordForPlatform(KeywordExecutor.groovy:74)
	at com.kms.katalon.core.webui.keyword.WebUiBuiltInKeywords.click(WebUiBuiltInKeywords.groovy:659)
	at PB_TC_03_Open account_SelectMethod_SAVINGS.run(PB_TC_03_Open account_SelectMethod_SAVINGS:32)
	at com.kms.katalon.core.main.ScriptEngine.run(ScriptEngine.java:194)
	at com.kms.katalon.core.main.ScriptEngine.runScriptAsRawText(ScriptEngine.java:119)
	at com.kms.katalon.core.main.TestCaseExecutor.runScript(TestCaseExecutor.java:448)
	at com.kms.katalon.core.main.TestCaseExecutor.doExecute(TestCaseExecutor.java:439)
	at com.kms.katalon.core.main.TestCaseExecutor.processExecutionPhase(TestCaseExecutor.java:418)
	at com.kms.katalon.core.main.TestCaseExecutor.accessMainPhase(TestCaseExecutor.java:410)
	at com.kms.katalon.core.main.TestCaseExecutor.execute(TestCaseExecutor.java:285)
	at com.kms.katalon.core.main.TestCaseExecutor.execute(TestCaseExecutor.java:369)
	at com.kms.katalon.core.main.TestCaseExecutor.execute(TestCaseExecutor.java:369)
	at com.kms.katalon.core.main.TestCaseExecutor.execute(TestCaseExecutor.java:369)
	at com.kms.katalon.core.common.CommonExecutor.accessTestCaseMainPhase(CommonExecutor.java:65)
	at com.kms.katalon.core.main.TestSuiteExecutor.accessTestSuiteMainPhase(TestSuiteExecutor.java:148)
	at com.kms.katalon.core.main.TestSuiteExecutor.execute(TestSuiteExecutor.java:106)
	at com.kms.katalon.core.main.TestCaseMain.startTestSuite(TestCaseMain.java:180)
	at TempTestSuite1709562824062.run(TempTestSuite1709562824062.groovy:36)
	at java.base/jdk.internal.reflect.NativeMethodAccessorImpl.invoke0(Native Method)
	at java.base/jdk.internal.reflect.NativeMethodAccessorImpl.invoke(NativeMethodAccessorImpl.java:77)
	at java.base/jdk.internal.reflect.DelegatingMethodAccessorImpl.invoke(DelegatingMethodAccessorImpl.java:43)
Caused by: com.kms.katalon.core.webui.exception.WebElementNotFoundException: Web element with id: 'Object Repository/PARA BANK/Page_ParaBank  Accounts Overview/Open New Account' located by '//div[@id='leftPanel']/ul/li/a' not found
	at com.kms.katalon.core.webui.common.WebUiCommonHelper.findWebElement(WebUiCommonHelper.java:1379)
	at com.kms.katalon.core.webui.keyword.internal.WebUIAbstractKeyword.findWebElement(WebUIAbstractKeyword.groovy:27)
	at com.kms.katalon.core.webui.keyword.builtin.ClickKeyword$_click_closure1.doCall(ClickKeyword.groovy:65)
	at com.kms.katalon.core.webui.keyword.builtin.ClickKeyword$_click_closure1.call(ClickKeyword.groovy)
	at com.kms.katalon.core.webui.keyword.internal.WebUIKeywordMain.runKeyword(WebUIKeywordMain.groovy:20)
	at com.kms.katalon.core.webui.keyword.builtin.ClickKeyword.click(ClickKeyword.groovy:74)
	at com.kms.katalon.core.webui.keyword.builtin.ClickKeyword.execute(ClickKeyword.groovy:40)
	at com.kms.katalon.core.keyword.internal.KeywordExecutor.executeKeywordForPlatform(KeywordExecutor.groovy:74)
	at com.kms.katalon.core.webui.keyword.WebUiBuiltInKeywords.click(WebUiBuiltInKeywords.groovy:659)
	at Script1709402319305.run(Script1709402319305.groovy:32)
	... 18 more
)
[[ATTACHMENT|C:\\Users\\joris\\git\\FirstProject-Git\\KatalonPractice\\Reports\\20240304_200344\\TS2-PARABANK\\20240304_200344\\1709563046931.png]]]]></system-out>
         <system-err><![CDATA[04-03-2024T20:06:39 - [TEST_CASE][FAILED] - Test Cases/PARA BANK/PB_TC_03_Open account_SelectMethod_SAVINGS: Test Cases/PARA BANK/PB_TC_03_Open account_SelectMethod_SAVINGS FAILED.
Reason:
com.kms.katalon.core.exception.StepFailedException: Unable to click on object 'Object Repository/PARA BANK/Page_ParaBank  Accounts Overview/Open New Account'
	at com.kms.katalon.core.webui.keyword.internal.WebUIKeywordMain.stepFailed(WebUIKeywordMain.groovy:64)
	at com.kms.katalon.core.webui.keyword.internal.WebUIKeywordMain.runKeyword(WebUIKeywordMain.groovy:26)
	at com.kms.katalon.core.webui.keyword.builtin.ClickKeyword.click(ClickKeyword.groovy:74)
	at com.kms.katalon.core.webui.keyword.builtin.ClickKeyword.execute(ClickKeyword.groovy:40)
	at com.kms.katalon.core.keyword.internal.KeywordExecutor.executeKeywordForPlatform(KeywordExecutor.groovy:74)
	at com.kms.katalon.core.webui.keyword.WebUiBuiltInKeywords.click(WebUiBuiltInKeywords.groovy:659)
	at PB_TC_03_Open account_SelectMethod_SAVINGS.run(PB_TC_03_Open account_SelectMethod_SAVINGS:32)
	at com.kms.katalon.core.main.ScriptEngine.run(ScriptEngine.java:194)
	at com.kms.katalon.core.main.ScriptEngine.runScriptAsRawText(ScriptEngine.java:119)
	at com.kms.katalon.core.main.TestCaseExecutor.runScript(TestCaseExecutor.java:448)
	at com.kms.katalon.core.main.TestCaseExecutor.doExecute(TestCaseExecutor.java:439)
	at com.kms.katalon.core.main.TestCaseExecutor.processExecutionPhase(TestCaseExecutor.java:418)
	at com.kms.katalon.core.main.TestCaseExecutor.accessMainPhase(TestCaseExecutor.java:410)
	at com.kms.katalon.core.main.TestCaseExecutor.execute(TestCaseExecutor.java:285)
	at com.kms.katalon.core.main.TestCaseExecutor.execute(TestCaseExecutor.java:369)
	at com.kms.katalon.core.main.TestCaseExecutor.execute(TestCaseExecutor.java:369)
	at com.kms.katalon.core.main.TestCaseExecutor.execute(TestCaseExecutor.java:369)
	at com.kms.katalon.core.common.CommonExecutor.accessTestCaseMainPhase(CommonExecutor.java:65)
	at com.kms.katalon.core.main.TestSuiteExecutor.accessTestSuiteMainPhase(TestSuiteExecutor.java:148)
	at com.kms.katalon.core.main.TestSuiteExecutor.execute(TestSuiteExecutor.java:106)
	at com.kms.katalon.core.main.TestCaseMain.startTestSuite(TestCaseMain.java:180)
	at TempTestSuite1709562824062.run(TempTestSuite1709562824062.groovy:36)
	at java.base/jdk.internal.reflect.NativeMethodAccessorImpl.invoke0(Native Method)
	at java.base/jdk.internal.reflect.NativeMethodAccessorImpl.invoke(NativeMethodAccessorImpl.java:77)
	at java.base/jdk.internal.reflect.DelegatingMethodAccessorImpl.invoke(DelegatingMethodAccessorImpl.java:43)
Caused by: com.kms.katalon.core.webui.exception.WebElementNotFoundException: Web element with id: 'Object Repository/PARA BANK/Page_ParaBank  Accounts Overview/Open New Account' located by '//div[@id='leftPanel']/ul/li/a' not found
	at com.kms.katalon.core.webui.common.WebUiCommonHelper.findWebElement(WebUiCommonHelper.java:1379)
	at com.kms.katalon.core.webui.keyword.internal.WebUIAbstractKeyword.findWebElement(WebUIAbstractKeyword.groovy:27)
	at com.kms.katalon.core.webui.keyword.builtin.ClickKeyword$_click_closure1.doCall(ClickKeyword.groovy:65)
	at com.kms.katalon.core.webui.keyword.builtin.ClickKeyword$_click_closure1.call(ClickKeyword.groovy)
	at com.kms.katalon.core.webui.keyword.internal.WebUIKeywordMain.runKeyword(WebUIKeywordMain.groovy:20)
	... 23 more]]></system-err>
      </testcase>
      <testcase name="Test Cases/PARA BANK/PB_TC_03_Open account_SelectMethod_SAVINGS" time="74.136" classname="Test Cases/PARA BANK/PB_TC_03_Open account_SelectMethod_SAVINGS" status="FAILED">
         <failure type="FAILED" message="Test Cases/PARA BANK/PB_TC_03_Open account_SelectMethod_SAVINGS FAILED.&#xa;Reason:&#xa;com.kms.katalon.core.exception.StepFailedException: Unable to click on object 'Object Repository/PARA BANK/Page_ParaBank  Accounts Overview/Open New Account'&#xa;	at com.kms.katalon.core.webui.keyword.internal.WebUIKeywordMain.stepFailed(WebUIKeywordMain.groovy:64)&#xa;	at com.kms.katalon.core.webui.keyword.internal.WebUIKeywordMain.runKeyword(WebUIKeywordMain.groovy:26)&#xa;	at com.kms.katalon.core.webui.keyword.builtin.ClickKeyword.click(ClickKeyword.groovy:74)&#xa;	at com.kms.katalon.core.webui.keyword.builtin.ClickKeyword.execute(ClickKeyword.groovy:40)&#xa;	at com.kms.katalon.core.keyword.internal.KeywordExecutor.executeKeywordForPlatform(KeywordExecutor.groovy:74)&#xa;	at com.kms.katalon.core.webui.keyword.WebUiBuiltInKeywords.click(WebUiBuiltInKeywords.groovy:659)&#xa;	at PB_TC_03_Open account_SelectMethod_SAVINGS.run(PB_TC_03_Open account_SelectMethod_SAVINGS:32)&#xa;	at com.kms.katalon.core.main.ScriptEngine.run(ScriptEngine.java:194)&#xa;	at com.kms.katalon.core.main.ScriptEngine.runScriptAsRawText(ScriptEngine.java:119)&#xa;	at com.kms.katalon.core.main.TestCaseExecutor.runScript(TestCaseExecutor.java:448)&#xa;	at com.kms.katalon.core.main.TestCaseExecutor.doExecute(TestCaseExecutor.java:439)&#xa;	at com.kms.katalon.core.main.TestCaseExecutor.processExecutionPhase(TestCaseExecutor.java:418)&#xa;	at com.kms.katalon.core.main.TestCaseExecutor.accessMainPhase(TestCaseExecutor.java:410)&#xa;	at com.kms.katalon.core.main.TestCaseExecutor.execute(TestCaseExecutor.java:285)&#xa;	at com.kms.katalon.core.main.TestCaseExecutor.execute(TestCaseExecutor.java:369)&#xa;	at com.kms.katalon.core.main.TestCaseExecutor.execute(TestCaseExecutor.java:369)&#xa;	at com.kms.katalon.core.main.TestCaseExecutor.execute(TestCaseExecutor.java:369)&#xa;	at com.kms.katalon.core.common.CommonExecutor.accessTestCaseMainPhase(CommonExecutor.java:65)&#xa;	at com.kms.katalon.core.main.TestSuiteExecutor.accessTestSuiteMainPhase(TestSuiteExecutor.java:148)&#xa;	at com.kms.katalon.core.main.TestSuiteExecutor.execute(TestSuiteExecutor.java:106)&#xa;	at com.kms.katalon.core.main.TestCaseMain.startTestSuite(TestCaseMain.java:180)&#xa;	at TempTestSuite1709562824062.run(TempTestSuite1709562824062.groovy:36)&#xa;	at java.base/jdk.internal.reflect.NativeMethodAccessorImpl.invoke0(Native Method)&#xa;	at java.base/jdk.internal.reflect.NativeMethodAccessorImpl.invoke(NativeMethodAccessorImpl.java:77)&#xa;	at java.base/jdk.internal.reflect.DelegatingMethodAccessorImpl.invoke(DelegatingMethodAccessorImpl.java:43)&#xa;Caused by: com.kms.katalon.core.webui.exception.WebElementNotFoundException: Web element with id: 'Object Repository/PARA BANK/Page_ParaBank  Accounts Overview/Open New Account' located by '//div[@id='leftPanel']/ul/li/a' not found&#xa;	at com.kms.katalon.core.webui.common.WebUiCommonHelper.findWebElement(WebUiCommonHelper.java:1379)&#xa;	at com.kms.katalon.core.webui.keyword.internal.WebUIAbstractKeyword.findWebElement(WebUIAbstractKeyword.groovy:27)&#xa;	at com.kms.katalon.core.webui.keyword.builtin.ClickKeyword$_click_closure1.doCall(ClickKeyword.groovy:65)&#xa;	at com.kms.katalon.core.webui.keyword.builtin.ClickKeyword$_click_closure1.call(ClickKeyword.groovy)&#xa;	at com.kms.katalon.core.webui.keyword.internal.WebUIKeywordMain.runKeyword(WebUIKeywordMain.groovy:20)&#xa;	... 23 more&#xa;"/>
         <system-out><![CDATA[04-03-2024T20:08:40 - [TEST_CASE][FAILED] - Test Cases/PARA BANK/PB_TC_03_Open account_SelectMethod_SAVINGS: Test Cases/PARA BANK/PB_TC_03_Open account_SelectMethod_SAVINGS FAILED.
Reason:
com.kms.katalon.core.exception.StepFailedException: Unable to click on object 'Object Repository/PARA BANK/Page_ParaBank  Accounts Overview/Open New Account'
	at com.kms.katalon.core.webui.keyword.internal.WebUIKeywordMain.stepFailed(WebUIKeywordMain.groovy:64)
	at com.kms.katalon.core.webui.keyword.internal.WebUIKeywordMain.runKeyword(WebUIKeywordMain.groovy:26)
	at com.kms.katalon.core.webui.keyword.builtin.ClickKeyword.click(ClickKeyword.groovy:74)
	at com.kms.katalon.core.webui.keyword.builtin.ClickKeyword.execute(ClickKeyword.groovy:40)
	at com.kms.katalon.core.keyword.internal.KeywordExecutor.executeKeywordForPlatform(KeywordExecutor.groovy:74)
	at com.kms.katalon.core.webui.keyword.WebUiBuiltInKeywords.click(WebUiBuiltInKeywords.groovy:659)
	at PB_TC_03_Open account_SelectMethod_SAVINGS.run(PB_TC_03_Open account_SelectMethod_SAVINGS:32)
	at com.kms.katalon.core.main.ScriptEngine.run(ScriptEngine.java:194)
	at com.kms.katalon.core.main.ScriptEngine.runScriptAsRawText(ScriptEngine.java:119)
	at com.kms.katalon.core.main.TestCaseExecutor.runScript(TestCaseExecutor.java:448)
	at com.kms.katalon.core.main.TestCaseExecutor.doExecute(TestCaseExecutor.java:439)
	at com.kms.katalon.core.main.TestCaseExecutor.processExecutionPhase(TestCaseExecutor.java:418)
	at com.kms.katalon.core.main.TestCaseExecutor.accessMainPhase(TestCaseExecutor.java:410)
	at com.kms.katalon.core.main.TestCaseExecutor.execute(TestCaseExecutor.java:285)
	at com.kms.katalon.core.main.TestCaseExecutor.execute(TestCaseExecutor.java:369)
	at com.kms.katalon.core.main.TestCaseExecutor.execute(TestCaseExecutor.java:369)
	at com.kms.katalon.core.main.TestCaseExecutor.execute(TestCaseExecutor.java:369)
	at com.kms.katalon.core.common.CommonExecutor.accessTestCaseMainPhase(CommonExecutor.java:65)
	at com.kms.katalon.core.main.TestSuiteExecutor.accessTestSuiteMainPhase(TestSuiteExecutor.java:148)
	at com.kms.katalon.core.main.TestSuiteExecutor.execute(TestSuiteExecutor.java:106)
	at com.kms.katalon.core.main.TestCaseMain.startTestSuite(TestCaseMain.java:180)
	at TempTestSuite1709562824062.run(TempTestSuite1709562824062.groovy:36)
	at java.base/jdk.internal.reflect.NativeMethodAccessorImpl.invoke0(Native Method)
	at java.base/jdk.internal.reflect.NativeMethodAccessorImpl.invoke(NativeMethodAccessorImpl.java:77)
	at java.base/jdk.internal.reflect.DelegatingMethodAccessorImpl.invoke(DelegatingMethodAccessorImpl.java:43)
Caused by: com.kms.katalon.core.webui.exception.WebElementNotFoundException: Web element with id: 'Object Repository/PARA BANK/Page_ParaBank  Accounts Overview/Open New Account' located by '//div[@id='leftPanel']/ul/li/a' not found
	at com.kms.katalon.core.webui.common.WebUiCommonHelper.findWebElement(WebUiCommonHelper.java:1379)
	at com.kms.katalon.core.webui.keyword.internal.WebUIAbstractKeyword.findWebElement(WebUIAbstractKeyword.groovy:27)
	at com.kms.katalon.core.webui.keyword.builtin.ClickKeyword$_click_closure1.doCall(ClickKeyword.groovy:65)
	at com.kms.katalon.core.webui.keyword.builtin.ClickKeyword$_click_closure1.call(ClickKeyword.groovy)
	at com.kms.katalon.core.webui.keyword.internal.WebUIKeywordMain.runKeyword(WebUIKeywordMain.groovy:20)
	... 23 more


04-03-2024T20:08:40 - [TEST_STEP][PASSED] - callTestCase(findTestCase("PARA BANK/PB_TC_01_Access the Parabank website"), [:], STOP_ON_FAILURE): Call Test Case 'Test Cases/PARA BANK/PB_TC_01_Access the Parabank website' successfully

04-03-2024T20:08:40 - [TEST_CASE][PASSED] - Test Cases/PARA BANK/PB_TC_01_Access the Parabank website: Test Cases/PARA BANK/PB_TC_01_Access the Parabank website

04-03-2024T20:08:40 - [TEST_STEP][PASSED] - openBrowser(""): Browser is opened with url: ''

04-03-2024T20:08:40 - [MESSAGE][WARNING] - A browser is already opened. Closing browser and opening a new one

04-03-2024T20:08:40 - [MESSAGE][INFO] - Starting 'Chrome' driver

04-03-2024T20:08:40 - [MESSAGE][INFO] - Action delay is set to 0 milliseconds

04-03-2024T20:08:41 - [MESSAGE][PASSED] - Browser is opened with url: ''

04-03-2024T20:08:41 - [TEST_STEP][PASSED] - navigateToUrl("https://parabank.parasoft.com/parabank/index.htm"): Navigate to 'https://parabank.parasoft.com/parabank/index.htm' successfully

04-03-2024T20:08:45 - [MESSAGE][PASSED] - Navigate to 'https://parabank.parasoft.com/parabank/index.htm' successfully

04-03-2024T20:08:45 - [TEST_STEP][PASSED] - verifyElementPresent(findTestObject("Object Repository/PARA BANK/Page_ParaBank Home page/Logo"), 1): Object 'Object Repository/PARA BANK/Page_ParaBank Home page/Logo' is present

04-03-2024T20:08:47 - [MESSAGE][PASSED] - Object 'Object Repository/PARA BANK/Page_ParaBank Home page/Logo' is present

04-03-2024T20:08:47 - [MESSAGE][PASSED] - Call Test Case 'Test Cases/PARA BANK/PB_TC_01_Access the Parabank website' successfully

04-03-2024T20:08:47 - [TEST_STEP][PASSED] - setText(findTestObject("Object Repository/PARA BANK/Page_ParaBank  Welcome  Online Banking/input_Username_username"), "admin"): Text 'admin' is set on object 'Object Repository/PARA BANK/Page_ParaBank  Welcome  Online Banking/input_Username_username'

04-03-2024T20:08:51 - [MESSAGE][PASSED] - Text 'admin' is set on object 'Object Repository/PARA BANK/Page_ParaBank  Welcome  Online Banking/input_Username_username'

04-03-2024T20:08:51 - [TEST_STEP][PASSED] - setEncryptedText(findTestObject("Object Repository/PARA BANK/Page_ParaBank  Welcome  Online Banking/input_Password_password"), "hUKwJTbofgPskEWN4pMTBw=="): Text ****** has been set on object 'Object Repository/PARA BANK/Page_ParaBank  Welcome  Online Banking/input_Password_password'

04-03-2024T20:08:53 - [MESSAGE][PASSED] - Text ****** has been set on object 'Object Repository/PARA BANK/Page_ParaBank  Welcome  Online Banking/input_Password_password'

04-03-2024T20:08:53 - [TEST_STEP][PASSED] - click(findTestObject("Object Repository/PARA BANK/Page_ParaBank  Welcome  Online Banking/Login button")): Object: 'Object Repository/PARA BANK/Page_ParaBank  Welcome  Online Banking/Login button' is clicked on

04-03-2024T20:08:56 - [MESSAGE][PASSED] - Object: 'Object Repository/PARA BANK/Page_ParaBank  Welcome  Online Banking/Login button' is clicked on

04-03-2024T20:08:56 - [TEST_STEP][PASSED] - verifyTextPresent("", false): Text '' is present on page 

04-03-2024T20:08:58 - [MESSAGE][PASSED] - Text '' is present on page 

04-03-2024T20:08:58 - [TEST_STEP][FAILED] - click(findTestObject("Object Repository/PARA BANK/Page_ParaBank  Accounts Overview/Open New Account")): Unable to click on object 'Object Repository/PARA BANK/Page_ParaBank  Accounts Overview/Open New Account' (Root cause: com.kms.katalon.core.exception.StepFailedException: Unable to click on object 'Object Repository/PARA BANK/Page_ParaBank  Accounts Overview/Open New Account'
	at com.kms.katalon.core.webui.keyword.internal.WebUIKeywordMain.stepFailed(WebUIKeywordMain.groovy:64)
	at com.kms.katalon.core.webui.keyword.internal.WebUIKeywordMain.runKeyword(WebUIKeywordMain.groovy:26)
	at com.kms.katalon.core.webui.keyword.builtin.ClickKeyword.click(ClickKeyword.groovy:74)
	at com.kms.katalon.core.webui.keyword.builtin.ClickKeyword.execute(ClickKeyword.groovy:40)
	at com.kms.katalon.core.keyword.internal.KeywordExecutor.executeKeywordForPlatform(KeywordExecutor.groovy:74)
	at com.kms.katalon.core.webui.keyword.WebUiBuiltInKeywords.click(WebUiBuiltInKeywords.groovy:659)
	at PB_TC_03_Open account_SelectMethod_SAVINGS.run(PB_TC_03_Open account_SelectMethod_SAVINGS:32)
	at com.kms.katalon.core.main.ScriptEngine.run(ScriptEngine.java:194)
	at com.kms.katalon.core.main.ScriptEngine.runScriptAsRawText(ScriptEngine.java:119)
	at com.kms.katalon.core.main.TestCaseExecutor.runScript(TestCaseExecutor.java:448)
	at com.kms.katalon.core.main.TestCaseExecutor.doExecute(TestCaseExecutor.java:439)
	at com.kms.katalon.core.main.TestCaseExecutor.processExecutionPhase(TestCaseExecutor.java:418)
	at com.kms.katalon.core.main.TestCaseExecutor.accessMainPhase(TestCaseExecutor.java:410)
	at com.kms.katalon.core.main.TestCaseExecutor.execute(TestCaseExecutor.java:285)
	at com.kms.katalon.core.main.TestCaseExecutor.execute(TestCaseExecutor.java:369)
	at com.kms.katalon.core.main.TestCaseExecutor.execute(TestCaseExecutor.java:369)
	at com.kms.katalon.core.main.TestCaseExecutor.execute(TestCaseExecutor.java:369)
	at com.kms.katalon.core.common.CommonExecutor.accessTestCaseMainPhase(CommonExecutor.java:65)
	at com.kms.katalon.core.main.TestSuiteExecutor.accessTestSuiteMainPhase(TestSuiteExecutor.java:148)
	at com.kms.katalon.core.main.TestSuiteExecutor.execute(TestSuiteExecutor.java:106)
	at com.kms.katalon.core.main.TestCaseMain.startTestSuite(TestCaseMain.java:180)
	at TempTestSuite1709562824062.run(TempTestSuite1709562824062.groovy:36)
	at java.base/jdk.internal.reflect.NativeMethodAccessorImpl.invoke0(Native Method)
	at java.base/jdk.internal.reflect.NativeMethodAccessorImpl.invoke(NativeMethodAccessorImpl.java:77)
	at java.base/jdk.internal.reflect.DelegatingMethodAccessorImpl.invoke(DelegatingMethodAccessorImpl.java:43)
Caused by: com.kms.katalon.core.webui.exception.WebElementNotFoundException: Web element with id: 'Object Repository/PARA BANK/Page_ParaBank  Accounts Overview/Open New Account' located by '//div[@id='leftPanel']/ul/li/a' not found
	at com.kms.katalon.core.webui.common.WebUiCommonHelper.findWebElement(WebUiCommonHelper.java:1379)
	at com.kms.katalon.core.webui.keyword.internal.WebUIAbstractKeyword.findWebElement(WebUIAbstractKeyword.groovy:27)
	at com.kms.katalon.core.webui.keyword.builtin.ClickKeyword$_click_closure1.doCall(ClickKeyword.groovy:65)
	at com.kms.katalon.core.webui.keyword.builtin.ClickKeyword$_click_closure1.call(ClickKeyword.groovy)
	at com.kms.katalon.core.webui.keyword.internal.WebUIKeywordMain.runKeyword(WebUIKeywordMain.groovy:20)
	at com.kms.katalon.core.webui.keyword.builtin.ClickKeyword.click(ClickKeyword.groovy:74)
	at com.kms.katalon.core.webui.keyword.builtin.ClickKeyword.execute(ClickKeyword.groovy:40)
	at com.kms.katalon.core.keyword.internal.KeywordExecutor.executeKeywordForPlatform(KeywordExecutor.groovy:74)
	at com.kms.katalon.core.webui.keyword.WebUiBuiltInKeywords.click(WebUiBuiltInKeywords.groovy:659)
	at Script1709402319305.run(Script1709402319305.groovy:32)
	... 18 more
)

04-03-2024T20:09:30 - [MESSAGE][INFO] - Unable to find the element located by 'By.xpath: //div[@id='leftPanel']/ul/li/a'. Please recheck the objects properties to make sure the desired element is located. 

04-03-2024T20:09:30 - [MESSAGE][WARNING] - [SELF-HEALING] Failed to find element with id 'Object Repository/PARA BANK/Page_ParaBank  Accounts Overview/Open New Account'. Try using Self-healing.

04-03-2024T20:09:32 - [MESSAGE][INFO] - [SELF-HEALING] Failed Locator: '//div[@id='leftPanel']/ul/li/a'.

04-03-2024T20:09:34 - [MESSAGE][INFO] - [SELF-HEALING] Failed Locator: '//a[contains(text(),'Open New Account')]'.

04-03-2024T20:09:36 - [MESSAGE][INFO] - [SELF-HEALING] Failed Locator: '(.//*[normalize-space(text()) and normalize-space(.)='Account Services'])[1]/following::a[1]'.

04-03-2024T20:09:38 - [MESSAGE][INFO] - [SELF-HEALING] Failed Locator: '(.//*[normalize-space(text()) and normalize-space(.)='Welcome'])[1]/following::a[1]'.

04-03-2024T20:09:40 - [MESSAGE][INFO] - [SELF-HEALING] Failed Locator: '(.//*[normalize-space(text()) and normalize-space(.)='Accounts Overview'])[1]/preceding::a[1]'.

04-03-2024T20:09:42 - [MESSAGE][INFO] - [SELF-HEALING] Failed Locator: '(.//*[normalize-space(text()) and normalize-space(.)='Transfer Funds'])[1]/preceding::a[2]'.

04-03-2024T20:09:44 - [MESSAGE][INFO] - [SELF-HEALING] Failed Locator: '//*/text()[normalize-space(.)='Open New Account']/parent::*'.

04-03-2024T20:09:46 - [MESSAGE][INFO] - [SELF-HEALING] Failed Locator: '//a[contains(@href, '/parabank/openaccount.htm')]'.

04-03-2024T20:09:48 - [MESSAGE][INFO] - [SELF-HEALING] Failed Locator: '//div[3]/div/ul/li/a'.

04-03-2024T20:09:50 - [MESSAGE][INFO] - [SELF-HEALING] Failed Locator: '//a[@href = '/parabank/openaccount.htm' and (text() = 'Open New Account' or . = 'Open New Account')]'.

04-03-2024T20:09:52 - [MESSAGE][INFO] - Unable to find the element located by 'By.xpath: //*[@href = '/parabank/openaccount.htm' and (text() = 'Open New Account' or . = 'Open New Account')]'. Please recheck the objects properties to make sure the desired element is located. 

04-03-2024T20:09:54 - [MESSAGE][INFO] - Unable to find the element located by 'By.cssSelector: #leftPanel > ul > li > a'. Please recheck the objects properties to make sure the desired element is located. 

04-03-2024T20:09:54 - [MESSAGE][FAILED] - Unable to click on object 'Object Repository/PARA BANK/Page_ParaBank  Accounts Overview/Open New Account' (Root cause: com.kms.katalon.core.exception.StepFailedException: Unable to click on object 'Object Repository/PARA BANK/Page_ParaBank  Accounts Overview/Open New Account'
	at com.kms.katalon.core.webui.keyword.internal.WebUIKeywordMain.stepFailed(WebUIKeywordMain.groovy:64)
	at com.kms.katalon.core.webui.keyword.internal.WebUIKeywordMain.runKeyword(WebUIKeywordMain.groovy:26)
	at com.kms.katalon.core.webui.keyword.builtin.ClickKeyword.click(ClickKeyword.groovy:74)
	at com.kms.katalon.core.webui.keyword.builtin.ClickKeyword.execute(ClickKeyword.groovy:40)
	at com.kms.katalon.core.keyword.internal.KeywordExecutor.executeKeywordForPlatform(KeywordExecutor.groovy:74)
	at com.kms.katalon.core.webui.keyword.WebUiBuiltInKeywords.click(WebUiBuiltInKeywords.groovy:659)
	at PB_TC_03_Open account_SelectMethod_SAVINGS.run(PB_TC_03_Open account_SelectMethod_SAVINGS:32)
	at com.kms.katalon.core.main.ScriptEngine.run(ScriptEngine.java:194)
	at com.kms.katalon.core.main.ScriptEngine.runScriptAsRawText(ScriptEngine.java:119)
	at com.kms.katalon.core.main.TestCaseExecutor.runScript(TestCaseExecutor.java:448)
	at com.kms.katalon.core.main.TestCaseExecutor.doExecute(TestCaseExecutor.java:439)
	at com.kms.katalon.core.main.TestCaseExecutor.processExecutionPhase(TestCaseExecutor.java:418)
	at com.kms.katalon.core.main.TestCaseExecutor.accessMainPhase(TestCaseExecutor.java:410)
	at com.kms.katalon.core.main.TestCaseExecutor.execute(TestCaseExecutor.java:285)
	at com.kms.katalon.core.main.TestCaseExecutor.execute(TestCaseExecutor.java:369)
	at com.kms.katalon.core.main.TestCaseExecutor.execute(TestCaseExecutor.java:369)
	at com.kms.katalon.core.main.TestCaseExecutor.execute(TestCaseExecutor.java:369)
	at com.kms.katalon.core.common.CommonExecutor.accessTestCaseMainPhase(CommonExecutor.java:65)
	at com.kms.katalon.core.main.TestSuiteExecutor.accessTestSuiteMainPhase(TestSuiteExecutor.java:148)
	at com.kms.katalon.core.main.TestSuiteExecutor.execute(TestSuiteExecutor.java:106)
	at com.kms.katalon.core.main.TestCaseMain.startTestSuite(TestCaseMain.java:180)
	at TempTestSuite1709562824062.run(TempTestSuite1709562824062.groovy:36)
	at java.base/jdk.internal.reflect.NativeMethodAccessorImpl.invoke0(Native Method)
	at java.base/jdk.internal.reflect.NativeMethodAccessorImpl.invoke(NativeMethodAccessorImpl.java:77)
	at java.base/jdk.internal.reflect.DelegatingMethodAccessorImpl.invoke(DelegatingMethodAccessorImpl.java:43)
Caused by: com.kms.katalon.core.webui.exception.WebElementNotFoundException: Web element with id: 'Object Repository/PARA BANK/Page_ParaBank  Accounts Overview/Open New Account' located by '//div[@id='leftPanel']/ul/li/a' not found
	at com.kms.katalon.core.webui.common.WebUiCommonHelper.findWebElement(WebUiCommonHelper.java:1379)
	at com.kms.katalon.core.webui.keyword.internal.WebUIAbstractKeyword.findWebElement(WebUIAbstractKeyword.groovy:27)
	at com.kms.katalon.core.webui.keyword.builtin.ClickKeyword$_click_closure1.doCall(ClickKeyword.groovy:65)
	at com.kms.katalon.core.webui.keyword.builtin.ClickKeyword$_click_closure1.call(ClickKeyword.groovy)
	at com.kms.katalon.core.webui.keyword.internal.WebUIKeywordMain.runKeyword(WebUIKeywordMain.groovy:20)
	at com.kms.katalon.core.webui.keyword.builtin.ClickKeyword.click(ClickKeyword.groovy:74)
	at com.kms.katalon.core.webui.keyword.builtin.ClickKeyword.execute(ClickKeyword.groovy:40)
	at com.kms.katalon.core.keyword.internal.KeywordExecutor.executeKeywordForPlatform(KeywordExecutor.groovy:74)
	at com.kms.katalon.core.webui.keyword.WebUiBuiltInKeywords.click(WebUiBuiltInKeywords.groovy:659)
	at Script1709402319305.run(Script1709402319305.groovy:32)
	... 18 more
)
[[ATTACHMENT|C:\\Users\\joris\\git\\FirstProject-Git\\KatalonPractice\\Reports\\20240304_200344\\TS2-PARABANK\\20240304_200344\\1709563194167.png]]]]></system-out>
         <system-err><![CDATA[04-03-2024T20:08:40 - [TEST_CASE][FAILED] - Test Cases/PARA BANK/PB_TC_03_Open account_SelectMethod_SAVINGS: Test Cases/PARA BANK/PB_TC_03_Open account_SelectMethod_SAVINGS FAILED.
Reason:
com.kms.katalon.core.exception.StepFailedException: Unable to click on object 'Object Repository/PARA BANK/Page_ParaBank  Accounts Overview/Open New Account'
	at com.kms.katalon.core.webui.keyword.internal.WebUIKeywordMain.stepFailed(WebUIKeywordMain.groovy:64)
	at com.kms.katalon.core.webui.keyword.internal.WebUIKeywordMain.runKeyword(WebUIKeywordMain.groovy:26)
	at com.kms.katalon.core.webui.keyword.builtin.ClickKeyword.click(ClickKeyword.groovy:74)
	at com.kms.katalon.core.webui.keyword.builtin.ClickKeyword.execute(ClickKeyword.groovy:40)
	at com.kms.katalon.core.keyword.internal.KeywordExecutor.executeKeywordForPlatform(KeywordExecutor.groovy:74)
	at com.kms.katalon.core.webui.keyword.WebUiBuiltInKeywords.click(WebUiBuiltInKeywords.groovy:659)
	at PB_TC_03_Open account_SelectMethod_SAVINGS.run(PB_TC_03_Open account_SelectMethod_SAVINGS:32)
	at com.kms.katalon.core.main.ScriptEngine.run(ScriptEngine.java:194)
	at com.kms.katalon.core.main.ScriptEngine.runScriptAsRawText(ScriptEngine.java:119)
	at com.kms.katalon.core.main.TestCaseExecutor.runScript(TestCaseExecutor.java:448)
	at com.kms.katalon.core.main.TestCaseExecutor.doExecute(TestCaseExecutor.java:439)
	at com.kms.katalon.core.main.TestCaseExecutor.processExecutionPhase(TestCaseExecutor.java:418)
	at com.kms.katalon.core.main.TestCaseExecutor.accessMainPhase(TestCaseExecutor.java:410)
	at com.kms.katalon.core.main.TestCaseExecutor.execute(TestCaseExecutor.java:285)
	at com.kms.katalon.core.main.TestCaseExecutor.execute(TestCaseExecutor.java:369)
	at com.kms.katalon.core.main.TestCaseExecutor.execute(TestCaseExecutor.java:369)
	at com.kms.katalon.core.main.TestCaseExecutor.execute(TestCaseExecutor.java:369)
	at com.kms.katalon.core.common.CommonExecutor.accessTestCaseMainPhase(CommonExecutor.java:65)
	at com.kms.katalon.core.main.TestSuiteExecutor.accessTestSuiteMainPhase(TestSuiteExecutor.java:148)
	at com.kms.katalon.core.main.TestSuiteExecutor.execute(TestSuiteExecutor.java:106)
	at com.kms.katalon.core.main.TestCaseMain.startTestSuite(TestCaseMain.java:180)
	at TempTestSuite1709562824062.run(TempTestSuite1709562824062.groovy:36)
	at java.base/jdk.internal.reflect.NativeMethodAccessorImpl.invoke0(Native Method)
	at java.base/jdk.internal.reflect.NativeMethodAccessorImpl.invoke(NativeMethodAccessorImpl.java:77)
	at java.base/jdk.internal.reflect.DelegatingMethodAccessorImpl.invoke(DelegatingMethodAccessorImpl.java:43)
Caused by: com.kms.katalon.core.webui.exception.WebElementNotFoundException: Web element with id: 'Object Repository/PARA BANK/Page_ParaBank  Accounts Overview/Open New Account' located by '//div[@id='leftPanel']/ul/li/a' not found
	at com.kms.katalon.core.webui.common.WebUiCommonHelper.findWebElement(WebUiCommonHelper.java:1379)
	at com.kms.katalon.core.webui.keyword.internal.WebUIAbstractKeyword.findWebElement(WebUIAbstractKeyword.groovy:27)
	at com.kms.katalon.core.webui.keyword.builtin.ClickKeyword$_click_closure1.doCall(ClickKeyword.groovy:65)
	at com.kms.katalon.core.webui.keyword.builtin.ClickKeyword$_click_closure1.call(ClickKeyword.groovy)
	at com.kms.katalon.core.webui.keyword.internal.WebUIKeywordMain.runKeyword(WebUIKeywordMain.groovy:20)
	... 23 more]]></system-err>
      </testcase>
      <system-out><![CDATA[04-03-2024T20:03:55 - [TEST_SUITE][FAILED] - TS2-PARABANK: Test Cases/PARA BANK/PB_TC_03_Open account_SelectMethod_SAVINGS FAILED.
Reason:
com.kms.katalon.core.exception.StepFailedException: Unable to click on object 'Object Repository/PARA BANK/Page_ParaBank  Accounts Overview/Open New Account'
	at com.kms.katalon.core.webui.keyword.internal.WebUIKeywordMain.stepFailed(WebUIKeywordMain.groovy:64)
	at com.kms.katalon.core.webui.keyword.internal.WebUIKeywordMain.runKeyword(WebUIKeywordMain.groovy:26)
	at com.kms.katalon.core.webui.keyword.builtin.ClickKeyword.click(ClickKeyword.groovy:74)
	at com.kms.katalon.core.webui.keyword.builtin.ClickKeyword.execute(ClickKeyword.groovy:40)
	at com.kms.katalon.core.keyword.internal.KeywordExecutor.executeKeywordForPlatform(KeywordExecutor.groovy:74)
	at com.kms.katalon.core.webui.keyword.WebUiBuiltInKeywords.click(WebUiBuiltInKeywords.groovy:659)
	at PB_TC_03_Open account_SelectMethod_SAVINGS.run(PB_TC_03_Open account_SelectMethod_SAVINGS:32)
	at com.kms.katalon.core.main.ScriptEngine.run(ScriptEngine.java:194)
	at com.kms.katalon.core.main.ScriptEngine.runScriptAsRawText(ScriptEngine.java:119)
	at com.kms.katalon.core.main.TestCaseExecutor.runScript(TestCaseExecutor.java:448)
	at com.kms.katalon.core.main.TestCaseExecutor.doExecute(TestCaseExecutor.java:439)
	at com.kms.katalon.core.main.TestCaseExecutor.processExecutionPhase(TestCaseExecutor.java:418)
	at com.kms.katalon.core.main.TestCaseExecutor.accessMainPhase(TestCaseExecutor.java:410)
	at com.kms.katalon.core.main.TestCaseExecutor.execute(TestCaseExecutor.java:285)
	at com.kms.katalon.core.common.CommonExecutor.accessTestCaseMainPhase(CommonExecutor.java:65)
	at com.kms.katalon.core.main.TestSuiteExecutor.accessTestSuiteMainPhase(TestSuiteExecutor.java:148)
	at com.kms.katalon.core.main.TestSuiteExecutor.execute(TestSuiteExecutor.java:106)
	at com.kms.katalon.core.main.TestCaseMain.startTestSuite(TestCaseMain.java:180)
	at TempTestSuite1709562824062.run(TempTestSuite1709562824062.groovy:36)
	at java.base/jdk.internal.reflect.NativeMethodAccessorImpl.invoke0(Native Method)
	at java.base/jdk.internal.reflect.NativeMethodAccessorImpl.invoke(NativeMethodAccessorImpl.java:77)
	at java.base/jdk.internal.reflect.DelegatingMethodAccessorImpl.invoke(DelegatingMethodAccessorImpl.java:43)
Caused by: com.kms.katalon.core.webui.exception.WebElementNotFoundException: Web element with id: 'Object Repository/PARA BANK/Page_ParaBank  Accounts Overview/Open New Account' located by '//div[@id='leftPanel']/ul/li/a' not found
	at com.kms.katalon.core.webui.common.WebUiCommonHelper.findWebElement(WebUiCommonHelper.java:1379)
	at com.kms.katalon.core.webui.keyword.internal.WebUIAbstractKeyword.findWebElement(WebUIAbstractKeyword.groovy:27)
	at com.kms.katalon.core.webui.keyword.builtin.ClickKeyword$_click_closure1.doCall(ClickKeyword.groovy:65)
	at com.kms.katalon.core.webui.keyword.builtin.ClickKeyword$_click_closure1.call(ClickKeyword.groovy)
	at com.kms.katalon.core.webui.keyword.internal.WebUIKeywordMain.runKeyword(WebUIKeywordMain.groovy:20)
	... 20 more]]></system-out>
      <system-err><![CDATA[04-03-2024T20:03:55 - [TEST_SUITE][FAILED] - TS2-PARABANK: Test Cases/PARA BANK/PB_TC_03_Open account_SelectMethod_SAVINGS FAILED.
Reason:
com.kms.katalon.core.exception.StepFailedException: Unable to click on object 'Object Repository/PARA BANK/Page_ParaBank  Accounts Overview/Open New Account'
	at com.kms.katalon.core.webui.keyword.internal.WebUIKeywordMain.stepFailed(WebUIKeywordMain.groovy:64)
	at com.kms.katalon.core.webui.keyword.internal.WebUIKeywordMain.runKeyword(WebUIKeywordMain.groovy:26)
	at com.kms.katalon.core.webui.keyword.builtin.ClickKeyword.click(ClickKeyword.groovy:74)
	at com.kms.katalon.core.webui.keyword.builtin.ClickKeyword.execute(ClickKeyword.groovy:40)
	at com.kms.katalon.core.keyword.internal.KeywordExecutor.executeKeywordForPlatform(KeywordExecutor.groovy:74)
	at com.kms.katalon.core.webui.keyword.WebUiBuiltInKeywords.click(WebUiBuiltInKeywords.groovy:659)
	at PB_TC_03_Open account_SelectMethod_SAVINGS.run(PB_TC_03_Open account_SelectMethod_SAVINGS:32)
	at com.kms.katalon.core.main.ScriptEngine.run(ScriptEngine.java:194)
	at com.kms.katalon.core.main.ScriptEngine.runScriptAsRawText(ScriptEngine.java:119)
	at com.kms.katalon.core.main.TestCaseExecutor.runScript(TestCaseExecutor.java:448)
	at com.kms.katalon.core.main.TestCaseExecutor.doExecute(TestCaseExecutor.java:439)
	at com.kms.katalon.core.main.TestCaseExecutor.processExecutionPhase(TestCaseExecutor.java:418)
	at com.kms.katalon.core.main.TestCaseExecutor.accessMainPhase(TestCaseExecutor.java:410)
	at com.kms.katalon.core.main.TestCaseExecutor.execute(TestCaseExecutor.java:285)
	at com.kms.katalon.core.common.CommonExecutor.accessTestCaseMainPhase(CommonExecutor.java:65)
	at com.kms.katalon.core.main.TestSuiteExecutor.accessTestSuiteMainPhase(TestSuiteExecutor.java:148)
	at com.kms.katalon.core.main.TestSuiteExecutor.execute(TestSuiteExecutor.java:106)
	at com.kms.katalon.core.main.TestCaseMain.startTestSuite(TestCaseMain.java:180)
	at TempTestSuite1709562824062.run(TempTestSuite1709562824062.groovy:36)
	at java.base/jdk.internal.reflect.NativeMethodAccessorImpl.invoke0(Native Method)
	at java.base/jdk.internal.reflect.NativeMethodAccessorImpl.invoke(NativeMethodAccessorImpl.java:77)
	at java.base/jdk.internal.reflect.DelegatingMethodAccessorImpl.invoke(DelegatingMethodAccessorImpl.java:43)
Caused by: com.kms.katalon.core.webui.exception.WebElementNotFoundException: Web element with id: 'Object Repository/PARA BANK/Page_ParaBank  Accounts Overview/Open New Account' located by '//div[@id='leftPanel']/ul/li/a' not found
	at com.kms.katalon.core.webui.common.WebUiCommonHelper.findWebElement(WebUiCommonHelper.java:1379)
	at com.kms.katalon.core.webui.keyword.internal.WebUIAbstractKeyword.findWebElement(WebUIAbstractKeyword.groovy:27)
	at com.kms.katalon.core.webui.keyword.builtin.ClickKeyword$_click_closure1.doCall(ClickKeyword.groovy:65)
	at com.kms.katalon.core.webui.keyword.builtin.ClickKeyword$_click_closure1.call(ClickKeyword.groovy)
	at com.kms.katalon.core.webui.keyword.internal.WebUIKeywordMain.runKeyword(WebUIKeywordMain.groovy:20)
	... 20 more]]></system-err>
   </testsuite>
</testsuites>
