<?xml version="1.0" encoding="UTF-8"?>
<testsuites name="TS_Collection 2" time="81.736" tests="6" failures="0" errors="0">
   <testsuite name="TS3-LambdatestPlayground" tests="3" failures="0" errors="0" time="65.364" skipped="0" timestamp="04-03-2024T23:41:48" hostname="joris - DESKTOP-6JFGPOU" id="Test Suites/TS3-LambdatestPlayground">
      <properties>
         <property name="deviceName" value=""/>
         <property name="devicePlatform" value=""/>
         <property name="logFolder" value="C:\\Users\\joris\\git\\FirstProject-Git\\KatalonPractice\\Reports\\20240304_234136\\TS3-LambdatestPlayground\\20240304_234137"/>
         <property name="logFiles" value="C:\\Users\\joris\\git\\FirstProject-Git\\KatalonPractice\\Reports\\20240304_234136\\TS3-LambdatestPlayground\\20240304_234137\\execution0.log"/>
         <property name="attachments" value=""/>
         <property name="hostName" value="joris - DESKTOP-6JFGPOU"/>
         <property name="os" value="Windows 11 64bit"/>
         <property name="katalonVersion" value="9.3.0.212"/>
         <property name="browser" value="Chrome 122.0.0.0"/>
         <property name="hostAddress" value="192.168.0.102"/>
         <property name="sessionId" value="e2b682a858a5d3096c6c546a36f9dd9e"/>
         <property name="seleniumVersion" value="3.141.59"/>
         <property name="proxyInformation" value="ProxyInformation { proxyOption=NO_PROXY, proxyServerType=HTTP, username=, password=********, proxyServerAddress=, proxyServerPort=0, executionList=&quot;&quot;, isApplyToDesiredCapabilities=true }"/>
         <property name="platform" value="Windows 11"/>
      </properties>
      <testcase name="Test Cases/LambdaTestPlayground/TC01_Access ecommerce website" time="11.72" classname="Test Cases/LambdaTestPlayground/TC01_Access ecommerce website" status="PASSED">
         <system-out><![CDATA[04-03-2024T23:41:48 - [TEST_CASE][PASSED] - Test Cases/LambdaTestPlayground/TC01_Access ecommerce website: Test Cases/LambdaTestPlayground/TC01_Access ecommerce website

04-03-2024T23:41:49 - [TEST_STEP][PASSED] - openBrowser(""): Browser is opened with url: ''

04-03-2024T23:41:49 - [MESSAGE][INFO] - Starting 'Chrome' driver

04-03-2024T23:41:49 - [MESSAGE][INFO] - Action delay is set to 0 milliseconds

04-03-2024T23:41:51 - [MESSAGE][PASSED] - Browser is opened with url: ''

04-03-2024T23:41:51 - [TEST_STEP][PASSED] - navigateToUrl("https://ecommerce-playground.lambdatest.io/"): Navigate to 'https://ecommerce-playground.lambdatest.io/' successfully

04-03-2024T23:41:57 - [MESSAGE][PASSED] - Navigate to 'https://ecommerce-playground.lambdatest.io/' successfully

04-03-2024T23:41:57 - [TEST_STEP][PASSED] - verifyElementPresent(findTestObject("Object Repository/Ecommerce/Page_Your Store/Logo"), 0): Object 'Object Repository/Ecommerce/Page_Your Store/Logo' is present

04-03-2024T23:41:57 - [MESSAGE][WARNING] - Timeout '0' is invalid. Using default page load timeout: '30'

04-03-2024T23:42:00 - [MESSAGE][PASSED] - Object 'Object Repository/Ecommerce/Page_Your Store/Logo' is present]]></system-out>
         <system-err><![CDATA[]]></system-err>
      </testcase>
      <testcase name="Test Cases/LambdaTestPlayground/TC02_Successful Login" time="30.269" classname="Test Cases/LambdaTestPlayground/TC02_Successful Login" status="PASSED">
         <system-out><![CDATA[04-03-2024T23:42:00 - [TEST_CASE][PASSED] - Test Cases/LambdaTestPlayground/TC02_Successful Login: Test Cases/LambdaTestPlayground/TC02_Successful Login

04-03-2024T23:42:00 - [TEST_STEP][PASSED] - callTestCase(findTestCase("LambdaTestPlayground/TC01_Access ecommerce website"), [:], STOP_ON_FAILURE): Call Test Case 'Test Cases/LambdaTestPlayground/TC01_Access ecommerce website' successfully

04-03-2024T23:42:00 - [TEST_CASE][PASSED] - Test Cases/LambdaTestPlayground/TC01_Access ecommerce website: Test Cases/LambdaTestPlayground/TC01_Access ecommerce website

04-03-2024T23:42:00 - [TEST_STEP][PASSED] - openBrowser(""): Browser is opened with url: ''

04-03-2024T23:42:00 - [MESSAGE][WARNING] - A browser is already opened. Closing browser and opening a new one

04-03-2024T23:42:01 - [MESSAGE][INFO] - Starting 'Chrome' driver

04-03-2024T23:42:01 - [MESSAGE][INFO] - Action delay is set to 0 milliseconds

04-03-2024T23:42:02 - [MESSAGE][PASSED] - Browser is opened with url: ''

04-03-2024T23:42:02 - [TEST_STEP][PASSED] - navigateToUrl("https://ecommerce-playground.lambdatest.io/"): Navigate to 'https://ecommerce-playground.lambdatest.io/' successfully

04-03-2024T23:42:12 - [MESSAGE][PASSED] - Navigate to 'https://ecommerce-playground.lambdatest.io/' successfully

04-03-2024T23:42:12 - [TEST_STEP][PASSED] - verifyElementPresent(findTestObject("Object Repository/Ecommerce/Page_Your Store/Logo"), 0): Object 'Object Repository/Ecommerce/Page_Your Store/Logo' is present

04-03-2024T23:42:12 - [MESSAGE][WARNING] - Timeout '0' is invalid. Using default page load timeout: '30'

04-03-2024T23:42:15 - [MESSAGE][PASSED] - Object 'Object Repository/Ecommerce/Page_Your Store/Logo' is present

04-03-2024T23:42:15 - [MESSAGE][PASSED] - Call Test Case 'Test Cases/LambdaTestPlayground/TC01_Access ecommerce website' successfully

04-03-2024T23:42:15 - [TEST_STEP][PASSED] - click(findTestObject("Object Repository/Ecommerce/Page_Your Store/span_My account")): Object: 'Object Repository/Ecommerce/Page_Your Store/span_My account' is clicked on

04-03-2024T23:42:23 - [MESSAGE][PASSED] - Object: 'Object Repository/Ecommerce/Page_Your Store/span_My account' is clicked on

04-03-2024T23:42:23 - [TEST_STEP][PASSED] - waitForElementPresent(findTestObject("Ecommerce/Page_Account Login/input_E-Mail Address_email"), 5): Object 'Object Repository/Ecommerce/Page_Account Login/input_E-Mail Address_email' is present

04-03-2024T23:42:24 - [MESSAGE][PASSED] - Object 'Object Repository/Ecommerce/Page_Account Login/input_E-Mail Address_email' is present

04-03-2024T23:42:24 - [TEST_STEP][PASSED] - setText(findTestObject("Object Repository/Ecommerce/Page_Account Login/input_E-Mail Address_email"), "jorisamadhan@gmail.com"): Text 'jorisamadhan@gmail.com' is set on object 'Object Repository/Ecommerce/Page_Account Login/input_E-Mail Address_email'

04-03-2024T23:42:25 - [MESSAGE][PASSED] - Text 'jorisamadhan@gmail.com' is set on object 'Object Repository/Ecommerce/Page_Account Login/input_E-Mail Address_email'

04-03-2024T23:42:25 - [TEST_STEP][PASSED] - setEncryptedText(findTestObject("Object Repository/Ecommerce/Page_Account Login/input_Password_password"), "s+D4/nQBI/t4t4P+r+MeoA=="): Text ****** has been set on object 'Object Repository/Ecommerce/Page_Account Login/input_Password_password'

04-03-2024T23:42:25 - [MESSAGE][PASSED] - Text ****** has been set on object 'Object Repository/Ecommerce/Page_Account Login/input_Password_password'

04-03-2024T23:42:25 - [TEST_STEP][PASSED] - click(findTestObject("Object Repository/Ecommerce/Page_Account Login/input_Forgotten Password_btn btn-primary")): Object: 'Object Repository/Ecommerce/Page_Account Login/input_Forgotten Password_btn btn-primary' is clicked on

04-03-2024T23:42:30 - [MESSAGE][PASSED] - Object: 'Object Repository/Ecommerce/Page_Account Login/input_Forgotten Password_btn btn-primary' is clicked on

04-03-2024T23:42:30 - [TEST_STEP][PASSED] - verifyElementPresent(findTestObject("Ecommerce/Page_My Account/h2_My Account"), 5): Object 'Object Repository/Ecommerce/Page_My Account/h2_My Account' is present

04-03-2024T23:42:30 - [MESSAGE][PASSED] - Object 'Object Repository/Ecommerce/Page_My Account/h2_My Account' is present]]></system-out>
         <system-err><![CDATA[]]></system-err>
      </testcase>
      <testcase name="Test Cases/LambdaTestPlayground/TC03_Invalid Login" time="22.939" classname="Test Cases/LambdaTestPlayground/TC03_Invalid Login" status="PASSED">
         <system-out><![CDATA[04-03-2024T23:42:30 - [TEST_CASE][PASSED] - Test Cases/LambdaTestPlayground/TC03_Invalid Login: Test Cases/LambdaTestPlayground/TC03_Invalid Login

04-03-2024T23:42:30 - [TEST_STEP][PASSED] - callTestCase(findTestCase("LambdaTestPlayground/TC01_Access ecommerce website"), [:], STOP_ON_FAILURE): Call Test Case 'Test Cases/LambdaTestPlayground/TC01_Access ecommerce website' successfully

04-03-2024T23:42:30 - [TEST_CASE][PASSED] - Test Cases/LambdaTestPlayground/TC01_Access ecommerce website: Test Cases/LambdaTestPlayground/TC01_Access ecommerce website

04-03-2024T23:42:30 - [TEST_STEP][PASSED] - openBrowser(""): Browser is opened with url: ''

04-03-2024T23:42:30 - [MESSAGE][WARNING] - A browser is already opened. Closing browser and opening a new one

04-03-2024T23:42:31 - [MESSAGE][INFO] - Starting 'Chrome' driver

04-03-2024T23:42:31 - [MESSAGE][INFO] - Action delay is set to 0 milliseconds

04-03-2024T23:42:31 - [MESSAGE][PASSED] - Browser is opened with url: ''

04-03-2024T23:42:31 - [TEST_STEP][PASSED] - navigateToUrl("https://ecommerce-playground.lambdatest.io/"): Navigate to 'https://ecommerce-playground.lambdatest.io/' successfully

04-03-2024T23:42:33 - [MESSAGE][PASSED] - Navigate to 'https://ecommerce-playground.lambdatest.io/' successfully

04-03-2024T23:42:33 - [TEST_STEP][PASSED] - verifyElementPresent(findTestObject("Object Repository/Ecommerce/Page_Your Store/Logo"), 0): Object 'Object Repository/Ecommerce/Page_Your Store/Logo' is present

04-03-2024T23:42:33 - [MESSAGE][WARNING] - Timeout '0' is invalid. Using default page load timeout: '30'

04-03-2024T23:42:45 - [MESSAGE][PASSED] - Object 'Object Repository/Ecommerce/Page_Your Store/Logo' is present

04-03-2024T23:42:45 - [MESSAGE][PASSED] - Call Test Case 'Test Cases/LambdaTestPlayground/TC01_Access ecommerce website' successfully

04-03-2024T23:42:45 - [TEST_STEP][PASSED] - click(findTestObject("Object Repository/Ecommerce/Page_Your Store/span_My account")): Object: 'Object Repository/Ecommerce/Page_Your Store/span_My account' is clicked on

04-03-2024T23:42:48 - [MESSAGE][PASSED] - Object: 'Object Repository/Ecommerce/Page_Your Store/span_My account' is clicked on

04-03-2024T23:42:48 - [TEST_STEP][PASSED] - waitForElementPresent(findTestObject("Ecommerce/Page_Account Login/input_E-Mail Address_email"), 5): Object 'Object Repository/Ecommerce/Page_Account Login/input_E-Mail Address_email' is present

04-03-2024T23:42:49 - [MESSAGE][PASSED] - Object 'Object Repository/Ecommerce/Page_Account Login/input_E-Mail Address_email' is present

04-03-2024T23:42:49 - [TEST_STEP][PASSED] - setText(findTestObject("Object Repository/Ecommerce/Page_Account Login/input_E-Mail Address_email"), "admin"): Text 'admin' is set on object 'Object Repository/Ecommerce/Page_Account Login/input_E-Mail Address_email'

04-03-2024T23:42:50 - [MESSAGE][PASSED] - Text 'admin' is set on object 'Object Repository/Ecommerce/Page_Account Login/input_E-Mail Address_email'

04-03-2024T23:42:50 - [TEST_STEP][PASSED] - setEncryptedText(findTestObject("Object Repository/Ecommerce/Page_Account Login/input_Password_password"), "hUKwJTbofgPskEWN4pMTBw=="): Text ****** has been set on object 'Object Repository/Ecommerce/Page_Account Login/input_Password_password'

04-03-2024T23:42:50 - [MESSAGE][PASSED] - Text ****** has been set on object 'Object Repository/Ecommerce/Page_Account Login/input_Password_password'

04-03-2024T23:42:50 - [TEST_STEP][PASSED] - click(findTestObject("Object Repository/Ecommerce/Page_Account Login/input_Forgotten Password_btn btn-primary")): Object: 'Object Repository/Ecommerce/Page_Account Login/input_Forgotten Password_btn btn-primary' is clicked on

04-03-2024T23:42:53 - [MESSAGE][PASSED] - Object: 'Object Repository/Ecommerce/Page_Account Login/input_Forgotten Password_btn btn-primary' is clicked on

04-03-2024T23:42:53 - [TEST_STEP][PASSED] - verifyElementPresent(findTestObject("Object Repository/Ecommerce/Page_Account Login/div_Warning Your account has exceeded allow_fce686"), 5): Object 'Object Repository/Ecommerce/Page_Account Login/div_Warning Your account has exceeded allow_fce686' is present

04-03-2024T23:42:53 - [MESSAGE][PASSED] - Object 'Object Repository/Ecommerce/Page_Account Login/div_Warning Your account has exceeded allow_fce686' is present]]></system-out>
         <system-err><![CDATA[]]></system-err>
      </testcase>
      <system-out><![CDATA[04-03-2024T23:41:48 - [TEST_SUITE][PASSED] - TS3-LambdatestPlayground: Test Cases/LambdaTestPlayground/TC03_Invalid Login]]></system-out>
      <system-err><![CDATA[]]></system-err>
   </testsuite>
   <testsuite name="TS1-IMDB" tests="3" failures="0" errors="0" time="74.606" skipped="0" timestamp="04-03-2024T23:41:48" hostname="joris - DESKTOP-6JFGPOU" id="Test Suites/TS1-IMDB">
      <properties>
         <property name="deviceName" value=""/>
         <property name="devicePlatform" value=""/>
         <property name="logFolder" value="C:\\Users\\joris\\git\\FirstProject-Git\\KatalonPractice\\Reports\\20240304_234136\\TS1-IMDB\\20240304_234139"/>
         <property name="logFiles" value="C:\\Users\\joris\\git\\FirstProject-Git\\KatalonPractice\\Reports\\20240304_234136\\TS1-IMDB\\20240304_234139\\execution0.log"/>
         <property name="attachments" value=""/>
         <property name="hostName" value="joris - DESKTOP-6JFGPOU"/>
         <property name="os" value="Windows 11 64bit"/>
         <property name="katalonVersion" value="9.3.0.212"/>
         <property name="browser" value="Chrome 122.0.0.0"/>
         <property name="hostAddress" value="192.168.0.102"/>
         <property name="sessionId" value="617762f713e907be365f9a2388206506"/>
         <property name="seleniumVersion" value="3.141.59"/>
         <property name="proxyInformation" value="ProxyInformation { proxyOption=NO_PROXY, proxyServerType=HTTP, username=, password=********, proxyServerAddress=, proxyServerPort=0, executionList=&quot;&quot;, isApplyToDesiredCapabilities=true }"/>
         <property name="platform" value="Windows 11"/>
      </properties>
      <testcase name="Test Cases/IMDB Website automation/TC1_AccessIMDB" time="33.906" classname="Test Cases/IMDB Website automation/TC1_AccessIMDB" status="PASSED">
         <system-out><![CDATA[04-03-2024T23:41:48 - [TEST_CASE][PASSED] - Test Cases/IMDB Website automation/TC1_AccessIMDB: Test Cases/IMDB Website automation/TC1_AccessIMDB

04-03-2024T23:41:49 - [TEST_STEP][PASSED] - openBrowser(""): Browser is opened with url: ''

04-03-2024T23:41:49 - [MESSAGE][INFO] - Starting 'Chrome' driver

04-03-2024T23:41:49 - [MESSAGE][INFO] - Action delay is set to 0 milliseconds

04-03-2024T23:41:51 - [MESSAGE][PASSED] - Browser is opened with url: ''

04-03-2024T23:41:51 - [TEST_STEP][PASSED] - navigateToUrl("https://www.imdb.com/"): Navigate to 'https://www.imdb.com/' successfully

04-03-2024T23:42:21 - [MESSAGE][PASSED] - Navigate to 'https://www.imdb.com/' successfully

04-03-2024T23:42:21 - [TEST_STEP][PASSED] - maximizeWindow(): Current window maximized

04-03-2024T23:42:22 - [MESSAGE][PASSED] - Current window maximized

04-03-2024T23:42:22 - [TEST_STEP][PASSED] - verifyElementPresent(findTestObject("Object Repository/IMDB/Home page/a_Espaol (Mxico)_home_img_holder"), 2): Object 'Object Repository/IMDB/Home page/a_Espaol (Mxico)_home_img_holder' is present

04-03-2024T23:42:22 - [MESSAGE][PASSED] - Object 'Object Repository/IMDB/Home page/a_Espaol (Mxico)_home_img_holder' is present]]></system-out>
         <system-err><![CDATA[]]></system-err>
      </testcase>
      <testcase name="Test Cases/IMDB Website automation/TC2_Search for a movie name" time="25.403" classname="Test Cases/IMDB Website automation/TC2_Search for a movie name" status="PASSED">
         <system-out><![CDATA[04-03-2024T23:42:22 - [TEST_CASE][PASSED] - Test Cases/IMDB Website automation/TC2_Search for a movie name: Test Cases/IMDB Website automation/TC2_Search for a movie name

04-03-2024T23:42:22 - [TEST_STEP][PASSED] - callTestCase(findTestCase("IMDB Website automation/TC1_AccessIMDB"), [:], STOP_ON_FAILURE): Call Test Case 'Test Cases/IMDB Website automation/TC1_AccessIMDB' successfully

04-03-2024T23:42:22 - [TEST_CASE][PASSED] - Test Cases/IMDB Website automation/TC1_AccessIMDB: Test Cases/IMDB Website automation/TC1_AccessIMDB

04-03-2024T23:42:22 - [TEST_STEP][PASSED] - openBrowser(""): Browser is opened with url: ''

04-03-2024T23:42:22 - [MESSAGE][WARNING] - A browser is already opened. Closing browser and opening a new one

04-03-2024T23:42:23 - [MESSAGE][INFO] - Starting 'Chrome' driver

04-03-2024T23:42:23 - [MESSAGE][INFO] - Action delay is set to 0 milliseconds

04-03-2024T23:42:24 - [MESSAGE][PASSED] - Browser is opened with url: ''

04-03-2024T23:42:24 - [TEST_STEP][PASSED] - navigateToUrl("https://www.imdb.com/"): Navigate to 'https://www.imdb.com/' successfully

04-03-2024T23:42:40 - [MESSAGE][PASSED] - Navigate to 'https://www.imdb.com/' successfully

04-03-2024T23:42:40 - [TEST_STEP][PASSED] - maximizeWindow(): Current window maximized

04-03-2024T23:42:40 - [MESSAGE][PASSED] - Current window maximized

04-03-2024T23:42:40 - [TEST_STEP][PASSED] - verifyElementPresent(findTestObject("Object Repository/IMDB/Home page/a_Espaol (Mxico)_home_img_holder"), 2): Object 'Object Repository/IMDB/Home page/a_Espaol (Mxico)_home_img_holder' is present

04-03-2024T23:42:41 - [MESSAGE][PASSED] - Object 'Object Repository/IMDB/Home page/a_Espaol (Mxico)_home_img_holder' is present

04-03-2024T23:42:41 - [MESSAGE][PASSED] - Call Test Case 'Test Cases/IMDB Website automation/TC1_AccessIMDB' successfully

04-03-2024T23:42:41 - [TEST_STEP][PASSED] - setText(findTestObject("IMDB/Home page/input_Advanced Search_q"), "Otto"): Text 'Otto' is set on object 'Object Repository/IMDB/Home page/input_Advanced Search_q'

04-03-2024T23:42:42 - [MESSAGE][PASSED] - Text 'Otto' is set on object 'Object Repository/IMDB/Home page/input_Advanced Search_q'

04-03-2024T23:42:42 - [TEST_STEP][PASSED] - click(findTestObject("Object Repository/IMDB/Home page/svg_Advanced Search_ipc-icon ipc-icon--magnify")): Object: 'Object Repository/IMDB/Home page/svg_Advanced Search_ipc-icon ipc-icon--magnify' is clicked on

04-03-2024T23:42:46 - [MESSAGE][PASSED] - Object: 'Object Repository/IMDB/Home page/svg_Advanced Search_ipc-icon ipc-icon--magnify' is clicked on

04-03-2024T23:42:46 - [TEST_STEP][PASSED] - waitForPageLoad(5): Wait for page load successfully

04-03-2024T23:42:47 - [MESSAGE][PASSED] - Wait for page load successfully

04-03-2024T23:42:47 - [TEST_STEP][PASSED] - verifyTextPresent("A Man Called Otto", false): Text 'A Man Called Otto' is present on page 

04-03-2024T23:42:47 - [MESSAGE][PASSED] - Text 'A Man Called Otto' is present on page 

04-03-2024T23:42:47 - [TEST_STEP][PASSED] - closeBrowser(): Browser is closed

04-03-2024T23:42:48 - [MESSAGE][PASSED] - Browser is closed]]></system-out>
         <system-err><![CDATA[]]></system-err>
      </testcase>
      <testcase name="Test Cases/IMDB Website automation/TC3_Access Menu" time="14.748" classname="Test Cases/IMDB Website automation/TC3_Access Menu" status="PASSED">
         <system-out><![CDATA[04-03-2024T23:42:48 - [TEST_CASE][PASSED] - Test Cases/IMDB Website automation/TC3_Access Menu: Test Cases/IMDB Website automation/TC3_Access Menu

04-03-2024T23:42:48 - [TEST_STEP][PASSED] - callTestCase(findTestCase("IMDB Website automation/TC1_AccessIMDB"), [:], STOP_ON_FAILURE): Call Test Case 'Test Cases/IMDB Website automation/TC1_AccessIMDB' successfully

04-03-2024T23:42:48 - [TEST_CASE][PASSED] - Test Cases/IMDB Website automation/TC1_AccessIMDB: Test Cases/IMDB Website automation/TC1_AccessIMDB

04-03-2024T23:42:48 - [TEST_STEP][PASSED] - openBrowser(""): Browser is opened with url: ''

04-03-2024T23:42:48 - [MESSAGE][INFO] - Starting 'Chrome' driver

04-03-2024T23:42:48 - [MESSAGE][INFO] - Action delay is set to 0 milliseconds

04-03-2024T23:42:49 - [MESSAGE][PASSED] - Browser is opened with url: ''

04-03-2024T23:42:49 - [TEST_STEP][PASSED] - navigateToUrl("https://www.imdb.com/"): Navigate to 'https://www.imdb.com/' successfully

04-03-2024T23:42:59 - [MESSAGE][PASSED] - Navigate to 'https://www.imdb.com/' successfully

04-03-2024T23:42:59 - [TEST_STEP][PASSED] - maximizeWindow(): Current window maximized

04-03-2024T23:42:59 - [MESSAGE][PASSED] - Current window maximized

04-03-2024T23:42:59 - [TEST_STEP][PASSED] - verifyElementPresent(findTestObject("Object Repository/IMDB/Home page/a_Espaol (Mxico)_home_img_holder"), 2): Object 'Object Repository/IMDB/Home page/a_Espaol (Mxico)_home_img_holder' is present

04-03-2024T23:43:01 - [MESSAGE][PASSED] - Object 'Object Repository/IMDB/Home page/a_Espaol (Mxico)_home_img_holder' is present

04-03-2024T23:43:01 - [MESSAGE][PASSED] - Call Test Case 'Test Cases/IMDB Website automation/TC1_AccessIMDB' successfully

04-03-2024T23:43:01 - [TEST_STEP][PASSED] - click(findTestObject("Object Repository/IMDB/Page_IMDb Ratings, Reviews, and Where to Wa_0644cb/Menu Hamburger")): Object: 'Object Repository/IMDB/Page_IMDb Ratings, Reviews, and Where to Wa_0644cb/Menu Hamburger' is clicked on

04-03-2024T23:43:01 - [MESSAGE][PASSED] - Object: 'Object Repository/IMDB/Page_IMDb Ratings, Reviews, and Where to Wa_0644cb/Menu Hamburger' is clicked on

04-03-2024T23:43:01 - [TEST_STEP][PASSED] - verifyElementVisible(findTestObject("Object Repository/IMDB/Page_IMDb Ratings, Reviews, and Where to Wa_0644cb/span_MoviesRelease")): Object 'Object Repository/IMDB/Page_IMDb Ratings, Reviews, and Where to Wa_0644cb/span_MoviesRelease' is visible

04-03-2024T23:43:02 - [MESSAGE][PASSED] - Object 'Object Repository/IMDB/Page_IMDb Ratings, Reviews, and Where to Wa_0644cb/span_MoviesRelease' is visible

04-03-2024T23:43:02 - [TEST_STEP][PASSED] - verifyElementPresent(findTestObject("Object Repository/IMDB/Page_IMDb Ratings, Reviews, and Where to Wa_0644cb/Movies div"), 1): Object 'Object Repository/IMDB/Page_IMDb Ratings, Reviews, and Where to Wa_0644cb/Movies div' is present

04-03-2024T23:43:02 - [MESSAGE][PASSED] - Object 'Object Repository/IMDB/Page_IMDb Ratings, Reviews, and Where to Wa_0644cb/Movies div' is present]]></system-out>
         <system-err><![CDATA[]]></system-err>
      </testcase>
      <system-out><![CDATA[04-03-2024T23:41:48 - [TEST_SUITE][PASSED] - TS1-IMDB: Test Cases/IMDB Website automation/TC3_Access Menu]]></system-out>
      <system-err><![CDATA[]]></system-err>
   </testsuite>
</testsuites>
